{"/Users/nellirossi/Documents/recipes/recipes-frontend/src/components/Footer.jsx": {"path":"/Users/nellirossi/Documents/recipes/recipes-frontend/src/components/Footer.jsx","statementMap":{"0":{"start":{"line":10,"column":15},"end":{"line":31,"column":1}},"1":{"start":{"line":11,"column":2},"end":{"line":30,"column":11}},"2":{"start":{"line":35,"column":0},"end":{"line":38,"column":2}},"3":{"start":{"line":40,"column":0},"end":{"line":43,"column":2}}},"fnMap":{"0":{"name":"(anonymous_0)","decl":{"start":{"line":10,"column":15},"end":{"line":10,"column":16}},"loc":{"start":{"line":11,"column":2},"end":{"line":30,"column":11}},"line":11}},"branchMap":{},"s":{"0":2,"1":2,"2":2,"3":2},"f":{"0":2},"b":{},"_coverageSchema":"1a1c01bbd47fc00a2c39e90264f33305004495a9","hash":"e78787fe6b209cbc0b8dda44a218c613840b303f"}
,"/Users/nellirossi/Documents/recipes/recipes-frontend/src/components/Header.jsx": {"path":"/Users/nellirossi/Documents/recipes/recipes-frontend/src/components/Header.jsx","statementMap":{"0":{"start":{"line":11,"column":15},"end":{"line":57,"column":1}},"1":{"start":{"line":14,"column":24},"end":{"line":14,"column":38}},"2":{"start":{"line":16,"column":17},"end":{"line":20,"column":3}},"3":{"start":{"line":17,"column":4},"end":{"line":17,"column":44}},"4":{"start":{"line":18,"column":4},"end":{"line":18,"column":48}},"5":{"start":{"line":19,"column":4},"end":{"line":19,"column":29}},"6":{"start":{"line":22,"column":19},"end":{"line":24,"column":3}},"7":{"start":{"line":23,"column":4},"end":{"line":23,"column":17}},"8":{"start":{"line":26,"column":18},"end":{"line":38,"column":3}},"9":{"start":{"line":27,"column":4},"end":{"line":37,"column":6}},"10":{"start":{"line":35,"column":94},"end":{"line":35,"column":102}},"11":{"start":{"line":39,"column":2},"end":{"line":56,"column":4}},"12":{"start":{"line":61,"column":0},"end":{"line":66,"column":2}},"13":{"start":{"line":68,"column":0},"end":{"line":73,"column":2}}},"fnMap":{"0":{"name":"(anonymous_0)","decl":{"start":{"line":11,"column":15},"end":{"line":11,"column":16}},"loc":{"start":{"line":13,"column":6},"end":{"line":57,"column":1}},"line":13},"1":{"name":"(anonymous_1)","decl":{"start":{"line":16,"column":17},"end":{"line":16,"column":18}},"loc":{"start":{"line":16,"column":23},"end":{"line":20,"column":3}},"line":16},"2":{"name":"(anonymous_2)","decl":{"start":{"line":22,"column":19},"end":{"line":22,"column":20}},"loc":{"start":{"line":22,"column":25},"end":{"line":24,"column":3}},"line":22},"3":{"name":"(anonymous_3)","decl":{"start":{"line":26,"column":18},"end":{"line":26,"column":19}},"loc":{"start":{"line":26,"column":24},"end":{"line":38,"column":3}},"line":26},"4":{"name":"(anonymous_4)","decl":{"start":{"line":35,"column":88},"end":{"line":35,"column":89}},"loc":{"start":{"line":35,"column":94},"end":{"line":35,"column":102}},"line":35}},"branchMap":{"0":{"loc":{"start":{"line":52,"column":9},"end":{"line":53,"column":141}},"type":"cond-expr","locations":[{"start":{"line":52,"column":21},"end":{"line":52,"column":25}},{"start":{"line":53,"column":13},"end":{"line":53,"column":140}}],"line":52}},"s":{"0":2,"1":8,"2":8,"3":0,"4":0,"5":0,"6":8,"7":0,"8":8,"9":2,"10":0,"11":8,"12":2,"13":2},"f":{"0":8,"1":0,"2":0,"3":2,"4":0},"b":{"0":[3,5]},"_coverageSchema":"1a1c01bbd47fc00a2c39e90264f33305004495a9","hash":"e9c5e3bf15decd0496beb1559da2ed339ff33881"}
,"/Users/nellirossi/Documents/recipes/recipes-frontend/src/components/InputField.jsx": {"path":"/Users/nellirossi/Documents/recipes/recipes-frontend/src/components/InputField.jsx","statementMap":{},"fnMap":{},"branchMap":{},"s":{},"f":{},"b":{},"_coverageSchema":"1a1c01bbd47fc00a2c39e90264f33305004495a9","hash":"70e465d31fcf36fe91cb61569a64fec55b426f31"}
,"/Users/nellirossi/Documents/recipes/recipes-frontend/src/components/Layout.jsx": {"path":"/Users/nellirossi/Documents/recipes/recipes-frontend/src/components/Layout.jsx","statementMap":{"0":{"start":{"line":10,"column":15},"end":{"line":22,"column":1}},"1":{"start":{"line":11,"column":2},"end":{"line":21,"column":8}}},"fnMap":{"0":{"name":"(anonymous_0)","decl":{"start":{"line":10,"column":15},"end":{"line":10,"column":16}},"loc":{"start":{"line":11,"column":2},"end":{"line":21,"column":8}},"line":11}},"branchMap":{},"s":{"0":1,"1":1},"f":{"0":1},"b":{},"_coverageSchema":"1a1c01bbd47fc00a2c39e90264f33305004495a9","hash":"3966d21a16d8ee23904824d3831eaafffcecfb83"}
,"/Users/nellirossi/Documents/recipes/recipes-frontend/src/components/filter.jsx": {"path":"/Users/nellirossi/Documents/recipes/recipes-frontend/src/components/filter.jsx","statementMap":{},"fnMap":{},"branchMap":{},"s":{},"f":{},"b":{},"_coverageSchema":"1a1c01bbd47fc00a2c39e90264f33305004495a9","hash":"9f22de96a38eb3eca6e487e651c30e21233b57d5"}
,"/Users/nellirossi/Documents/recipes/recipes-frontend/src/components/imageListItem.jsx": {"path":"/Users/nellirossi/Documents/recipes/recipes-frontend/src/components/imageListItem.jsx","statementMap":{},"fnMap":{},"branchMap":{},"s":{},"f":{},"b":{},"_coverageSchema":"1a1c01bbd47fc00a2c39e90264f33305004495a9","hash":"79296e615a1473559436838c9a64b5481e0747e3"}
,"/Users/nellirossi/Documents/recipes/recipes-frontend/src/pages/home/Home.jsx": {"path":"/Users/nellirossi/Documents/recipes/recipes-frontend/src/pages/home/Home.jsx","statementMap":{"0":{"start":{"line":4,"column":13},"end":{"line":24,"column":1}},"1":{"start":{"line":5,"column":2},"end":{"line":23,"column":8}},"2":{"start":{"line":28,"column":0},"end":{"line":31,"column":2}},"3":{"start":{"line":33,"column":0},"end":{"line":36,"column":2}}},"fnMap":{"0":{"name":"(anonymous_0)","decl":{"start":{"line":4,"column":13},"end":{"line":4,"column":14}},"loc":{"start":{"line":5,"column":2},"end":{"line":23,"column":8}},"line":5}},"branchMap":{},"s":{"0":1,"1":3,"2":1,"3":1},"f":{"0":3},"b":{},"_coverageSchema":"1a1c01bbd47fc00a2c39e90264f33305004495a9","hash":"71cd1d63720d430bc8472cac61d2838f9faf1024"}
,"/Users/nellirossi/Documents/recipes/recipes-frontend/src/pages/search/Filters.jsx": {"path":"/Users/nellirossi/Documents/recipes/recipes-frontend/src/pages/search/Filters.jsx","statementMap":{},"fnMap":{},"branchMap":{},"s":{},"f":{},"b":{},"_coverageSchema":"1a1c01bbd47fc00a2c39e90264f33305004495a9","hash":"3e6c36d78eb674dc36242ba2719baaa17f182314"}
,"/Users/nellirossi/Documents/recipes/recipes-frontend/src/pages/search/Results.jsx": {"path":"/Users/nellirossi/Documents/recipes/recipes-frontend/src/pages/search/Results.jsx","statementMap":{},"fnMap":{},"branchMap":{},"s":{},"f":{},"b":{},"_coverageSchema":"1a1c01bbd47fc00a2c39e90264f33305004495a9","hash":"242e3e002c10ca12cf713381b10a19e2f014b018"}
,"/Users/nellirossi/Documents/recipes/recipes-frontend/src/tests/testHelpers.jsx": {"path":"/Users/nellirossi/Documents/recipes/recipes-frontend/src/tests/testHelpers.jsx","statementMap":{"0":{"start":{"line":12,"column":27},"end":{"line":20,"column":1}},"1":{"start":{"line":13,"column":18},"end":{"line":13,"column":48}},"2":{"start":{"line":13,"column":25},"end":{"line":13,"column":48}},"3":{"start":{"line":14,"column":22},"end":{"line":14,"column":35}},"4":{"start":{"line":15,"column":31},"end":{"line":17,"column":3}},"5":{"start":{"line":16,"column":15},"end":{"line":16,"column":30}},"6":{"start":{"line":19,"column":2},"end":{"line":19,"column":45}},"7":{"start":{"line":26,"column":26},"end":{"line":35,"column":1}},"8":{"start":{"line":27,"column":18},"end":{"line":30,"column":3}},"9":{"start":{"line":31,"column":16},"end":{"line":31,"column":47}},"10":{"start":{"line":32,"column":2},"end":{"line":32,"column":26}},"11":{"start":{"line":33,"column":2},"end":{"line":33,"column":28}},"12":{"start":{"line":34,"column":2},"end":{"line":34,"column":36}}},"fnMap":{"0":{"name":"(anonymous_0)","decl":{"start":{"line":12,"column":27},"end":{"line":12,"column":28}},"loc":{"start":{"line":12,"column":44},"end":{"line":20,"column":1}},"line":12},"1":{"name":"(anonymous_1)","decl":{"start":{"line":13,"column":18},"end":{"line":13,"column":19}},"loc":{"start":{"line":13,"column":25},"end":{"line":13,"column":48}},"line":13},"2":{"name":"(anonymous_2)","decl":{"start":{"line":16,"column":4},"end":{"line":16,"column":5}},"loc":{"start":{"line":16,"column":15},"end":{"line":16,"column":30}},"line":16},"3":{"name":"(anonymous_3)","decl":{"start":{"line":26,"column":26},"end":{"line":26,"column":27}},"loc":{"start":{"line":26,"column":41},"end":{"line":35,"column":1}},"line":26}},"branchMap":{"0":{"loc":{"start":{"line":19,"column":9},"end":{"line":19,"column":44}},"type":"binary-expr","locations":[{"start":{"line":19,"column":9},"end":{"line":19,"column":20}},{"start":{"line":19,"column":24},"end":{"line":19,"column":44}}],"line":19}},"s":{"0":1,"1":14,"2":27,"3":14,"4":14,"5":13,"6":14,"7":1,"8":0,"9":0,"10":0,"11":0,"12":0},"f":{"0":14,"1":27,"2":13,"3":0},"b":{"0":[14,1]},"_coverageSchema":"1a1c01bbd47fc00a2c39e90264f33305004495a9","hash":"03275b63ca86902441fca92aae94c52c98e419f6"}
}
