{"/Users/nellirossi/Documents/recipes/recipes-frontend/src/components/Calendar.jsx": {"path":"/Users/nellirossi/Documents/recipes/recipes-frontend/src/components/Calendar.jsx","statementMap":{"0":{"start":{"line":18,"column":17},"end":{"line":62,"column":1}},"1":{"start":{"line":29,"column":16},"end":{"line":29,"column":30}},"2":{"start":{"line":30,"column":2},"end":{"line":61,"column":4}},"3":{"start":{"line":66,"column":0},"end":{"line":76,"column":2}},"4":{"start":{"line":78,"column":0},"end":{"line":88,"column":2}}},"fnMap":{"0":{"name":"(anonymous_0)","decl":{"start":{"line":18,"column":17},"end":{"line":18,"column":18}},"loc":{"start":{"line":28,"column":6},"end":{"line":62,"column":1}},"line":28}},"branchMap":{},"s":{"0":3,"1":2,"2":2,"3":3,"4":3},"f":{"0":2},"b":{},"_coverageSchema":"1a1c01bbd47fc00a2c39e90264f33305004495a9","hash":"ee43abfcccff1017df8792caa31de306a1164ba4"}
,"/Users/nellirossi/Documents/recipes/recipes-frontend/src/components/Filter.jsx": {"path":"/Users/nellirossi/Documents/recipes/recipes-frontend/src/components/Filter.jsx","statementMap":{"0":{"start":{"line":14,"column":15},"end":{"line":52,"column":1}},"1":{"start":{"line":17,"column":30},"end":{"line":17,"column":45}},"2":{"start":{"line":18,"column":18},"end":{"line":18,"column":20}},"3":{"start":{"line":19,"column":2},"end":{"line":21,"column":5}},"4":{"start":{"line":19,"column":24},"end":{"line":21,"column":3}},"5":{"start":{"line":20,"column":71},"end":{"line":20,"column":103}},"6":{"start":{"line":23,"column":2},"end":{"line":51,"column":4}},"7":{"start":{"line":28,"column":32},"end":{"line":28,"column":48}},"8":{"start":{"line":28,"column":57},"end":{"line":28,"column":72}},"9":{"start":{"line":56,"column":0},"end":{"line":62,"column":2}},"10":{"start":{"line":64,"column":0},"end":{"line":70,"column":2}}},"fnMap":{"0":{"name":"(anonymous_0)","decl":{"start":{"line":14,"column":15},"end":{"line":14,"column":16}},"loc":{"start":{"line":16,"column":6},"end":{"line":52,"column":1}},"line":16},"1":{"name":"(anonymous_1)","decl":{"start":{"line":19,"column":14},"end":{"line":19,"column":15}},"loc":{"start":{"line":19,"column":24},"end":{"line":21,"column":3}},"line":19},"2":{"name":"(anonymous_2)","decl":{"start":{"line":20,"column":65},"end":{"line":20,"column":66}},"loc":{"start":{"line":20,"column":71},"end":{"line":20,"column":103}},"line":20},"3":{"name":"(anonymous_3)","decl":{"start":{"line":28,"column":26},"end":{"line":28,"column":27}},"loc":{"start":{"line":28,"column":32},"end":{"line":28,"column":48}},"line":28},"4":{"name":"(anonymous_4)","decl":{"start":{"line":28,"column":51},"end":{"line":28,"column":52}},"loc":{"start":{"line":28,"column":57},"end":{"line":28,"column":72}},"line":28}},"branchMap":{"0":{"loc":{"start":{"line":28,"column":17},"end":{"line":28,"column":72}},"type":"cond-expr","locations":[{"start":{"line":28,"column":26},"end":{"line":28,"column":48}},{"start":{"line":28,"column":51},"end":{"line":28,"column":72}}],"line":28},"1":{"loc":{"start":{"line":30,"column":15},"end":{"line":40,"column":9}},"type":"cond-expr","locations":[{"start":{"line":30,"column":52},"end":{"line":35,"column":9}},{"start":{"line":35,"column":12},"end":{"line":40,"column":9}}],"line":30},"2":{"loc":{"start":{"line":30,"column":15},"end":{"line":30,"column":49}},"type":"binary-expr","locations":[{"start":{"line":30,"column":15},"end":{"line":30,"column":22}},{"start":{"line":30,"column":26},"end":{"line":30,"column":49}}],"line":30},"3":{"loc":{"start":{"line":44,"column":52},"end":{"line":44,"column":124}},"type":"cond-expr","locations":[{"start":{"line":44,"column":61},"end":{"line":44,"column":92}},{"start":{"line":44,"column":95},"end":{"line":44,"column":124}}],"line":44},"4":{"loc":{"start":{"line":45,"column":7},"end":{"line":49,"column":16}},"type":"cond-expr","locations":[{"start":{"line":46,"column":8},"end":{"line":48,"column":14}},{"start":{"line":49,"column":11},"end":{"line":49,"column":15}}],"line":45}},"s":{"0":4,"1":4,"2":4,"3":4,"4":8,"5":1,"6":4,"7":1,"8":1,"9":4,"10":4},"f":{"0":4,"1":8,"2":1,"3":1,"4":1},"b":{"0":[1,3],"1":[3,1],"2":[4,3],"3":[1,3],"4":[1,3]},"_coverageSchema":"1a1c01bbd47fc00a2c39e90264f33305004495a9","hash":"49b9a962482553a6d29a9d15a9f24c54bc024914"}
,"/Users/nellirossi/Documents/recipes/recipes-frontend/src/components/Footer.jsx": {"path":"/Users/nellirossi/Documents/recipes/recipes-frontend/src/components/Footer.jsx","statementMap":{"0":{"start":{"line":10,"column":15},"end":{"line":31,"column":1}},"1":{"start":{"line":11,"column":2},"end":{"line":30,"column":11}},"2":{"start":{"line":35,"column":0},"end":{"line":38,"column":2}},"3":{"start":{"line":40,"column":0},"end":{"line":43,"column":2}}},"fnMap":{"0":{"name":"(anonymous_0)","decl":{"start":{"line":10,"column":15},"end":{"line":10,"column":16}},"loc":{"start":{"line":11,"column":2},"end":{"line":30,"column":11}},"line":11}},"branchMap":{},"s":{"0":2,"1":1,"2":2,"3":2},"f":{"0":1},"b":{},"_coverageSchema":"1a1c01bbd47fc00a2c39e90264f33305004495a9","hash":"e78787fe6b209cbc0b8dda44a218c613840b303f"}
,"/Users/nellirossi/Documents/recipes/recipes-frontend/src/components/Header.jsx": {"path":"/Users/nellirossi/Documents/recipes/recipes-frontend/src/components/Header.jsx","statementMap":{"0":{"start":{"line":13,"column":15},"end":{"line":70,"column":1}},"1":{"start":{"line":16,"column":24},"end":{"line":16,"column":38}},"2":{"start":{"line":17,"column":15},"end":{"line":17,"column":24}},"3":{"start":{"line":22,"column":17},"end":{"line":26,"column":3}},"4":{"start":{"line":23,"column":4},"end":{"line":23,"column":44}},"5":{"start":{"line":24,"column":4},"end":{"line":24,"column":48}},"6":{"start":{"line":25,"column":4},"end":{"line":25,"column":29}},"7":{"start":{"line":31,"column":18},"end":{"line":51,"column":3}},"8":{"start":{"line":32,"column":4},"end":{"line":50,"column":6}},"9":{"start":{"line":34,"column":113},"end":{"line":34,"column":125}},"10":{"start":{"line":47,"column":98},"end":{"line":47,"column":106}},"11":{"start":{"line":52,"column":2},"end":{"line":69,"column":4}},"12":{"start":{"line":74,"column":0},"end":{"line":79,"column":2}},"13":{"start":{"line":81,"column":0},"end":{"line":86,"column":2}}},"fnMap":{"0":{"name":"(anonymous_0)","decl":{"start":{"line":13,"column":15},"end":{"line":13,"column":16}},"loc":{"start":{"line":15,"column":6},"end":{"line":70,"column":1}},"line":15},"1":{"name":"(anonymous_1)","decl":{"start":{"line":22,"column":17},"end":{"line":22,"column":18}},"loc":{"start":{"line":22,"column":23},"end":{"line":26,"column":3}},"line":22},"2":{"name":"(anonymous_2)","decl":{"start":{"line":31,"column":18},"end":{"line":31,"column":19}},"loc":{"start":{"line":31,"column":24},"end":{"line":51,"column":3}},"line":31},"3":{"name":"(anonymous_3)","decl":{"start":{"line":34,"column":107},"end":{"line":34,"column":108}},"loc":{"start":{"line":34,"column":113},"end":{"line":34,"column":125}},"line":34},"4":{"name":"(anonymous_4)","decl":{"start":{"line":47,"column":92},"end":{"line":47,"column":93}},"loc":{"start":{"line":47,"column":98},"end":{"line":47,"column":106}},"line":47}},"branchMap":{"0":{"loc":{"start":{"line":37,"column":9},"end":{"line":39,"column":16}},"type":"cond-expr","locations":[{"start":{"line":38,"column":12},"end":{"line":38,"column":115}},{"start":{"line":39,"column":12},"end":{"line":39,"column":16}}],"line":37},"1":{"loc":{"start":{"line":40,"column":9},"end":{"line":42,"column":16}},"type":"cond-expr","locations":[{"start":{"line":41,"column":12},"end":{"line":41,"column":97}},{"start":{"line":42,"column":12},"end":{"line":42,"column":16}}],"line":40},"2":{"loc":{"start":{"line":43,"column":9},"end":{"line":45,"column":16}},"type":"cond-expr","locations":[{"start":{"line":44,"column":12},"end":{"line":44,"column":97}},{"start":{"line":45,"column":12},"end":{"line":45,"column":16}}],"line":43},"3":{"loc":{"start":{"line":46,"column":9},"end":{"line":48,"column":16}},"type":"cond-expr","locations":[{"start":{"line":47,"column":12},"end":{"line":47,"column":124}},{"start":{"line":48,"column":12},"end":{"line":48,"column":16}}],"line":46},"4":{"loc":{"start":{"line":65,"column":9},"end":{"line":66,"column":141}},"type":"cond-expr","locations":[{"start":{"line":65,"column":21},"end":{"line":65,"column":25}},{"start":{"line":66,"column":13},"end":{"line":66,"column":140}}],"line":65}},"s":{"0":1,"1":10,"2":10,"3":10,"4":1,"5":1,"6":1,"7":10,"8":3,"9":1,"10":1,"11":10,"12":1,"13":1},"f":{"0":10,"1":1,"2":3,"3":1,"4":1},"b":{"0":[2,1],"1":[2,1],"2":[2,1],"3":[2,1],"4":[6,4]},"_coverageSchema":"1a1c01bbd47fc00a2c39e90264f33305004495a9","hash":"71dd3041ca19b598ab48c9ffcb1d0108d88ae063"}
,"/Users/nellirossi/Documents/recipes/recipes-frontend/src/components/ImageList.jsx": {"path":"/Users/nellirossi/Documents/recipes/recipes-frontend/src/components/ImageList.jsx","statementMap":{"0":{"start":{"line":12,"column":18},"end":{"line":30,"column":1}},"1":{"start":{"line":13,"column":19},"end":{"line":13,"column":21}},"2":{"start":{"line":15,"column":2},"end":{"line":23,"column":5}},"3":{"start":{"line":15,"column":22},"end":{"line":23,"column":3}},"4":{"start":{"line":25,"column":2},"end":{"line":29,"column":4}},"5":{"start":{"line":34,"column":0},"end":{"line":38,"column":2}},"6":{"start":{"line":40,"column":0},"end":{"line":44,"column":2}}},"fnMap":{"0":{"name":"(anonymous_0)","decl":{"start":{"line":12,"column":18},"end":{"line":12,"column":19}},"loc":{"start":{"line":12,"column":48},"end":{"line":30,"column":1}},"line":12},"1":{"name":"(anonymous_1)","decl":{"start":{"line":15,"column":12},"end":{"line":15,"column":13}},"loc":{"start":{"line":15,"column":22},"end":{"line":23,"column":3}},"line":15}},"branchMap":{},"s":{"0":4,"1":1,"2":1,"3":12,"4":1,"5":4,"6":4},"f":{"0":1,"1":12},"b":{},"_coverageSchema":"1a1c01bbd47fc00a2c39e90264f33305004495a9","hash":"693804733c4e19ca2e3564a11e6d79ba7ee441b3"}
,"/Users/nellirossi/Documents/recipes/recipes-frontend/src/components/ImageListItem.jsx": {"path":"/Users/nellirossi/Documents/recipes/recipes-frontend/src/components/ImageListItem.jsx","statementMap":{"0":{"start":{"line":15,"column":22},"end":{"line":87,"column":1}},"1":{"start":{"line":18,"column":26},"end":{"line":18,"column":41}},"2":{"start":{"line":19,"column":26},"end":{"line":19,"column":40}},"3":{"start":{"line":20,"column":28},"end":{"line":20,"column":42}},"4":{"start":{"line":27,"column":19},"end":{"line":51,"column":3}},"5":{"start":{"line":28,"column":4},"end":{"line":50,"column":5}},"6":{"start":{"line":29,"column":26},"end":{"line":29,"column":43}},"7":{"start":{"line":31,"column":6},"end":{"line":45,"column":29}},"8":{"start":{"line":33,"column":66},"end":{"line":33,"column":83}},"9":{"start":{"line":34,"column":11},"end":{"line":45,"column":29}},"10":{"start":{"line":37,"column":66},"end":{"line":37,"column":83}},"11":{"start":{"line":38,"column":11},"end":{"line":45,"column":29}},"12":{"start":{"line":41,"column":47},"end":{"line":41,"column":64}},"13":{"start":{"line":42,"column":11},"end":{"line":45,"column":29}},"14":{"start":{"line":43,"column":8},"end":{"line":43,"column":21}},"15":{"start":{"line":44,"column":8},"end":{"line":44,"column":25}},"16":{"start":{"line":45,"column":13},"end":{"line":45,"column":29}},"17":{"start":{"line":46,"column":6},"end":{"line":46,"column":20}},"18":{"start":{"line":48,"column":6},"end":{"line":48,"column":21}},"19":{"start":{"line":49,"column":6},"end":{"line":49,"column":22}},"20":{"start":{"line":52,"column":2},"end":{"line":86,"column":4}},"21":{"start":{"line":60,"column":24},"end":{"line":60,"column":41}},"22":{"start":{"line":74,"column":26},"end":{"line":74,"column":44}},"23":{"start":{"line":89,"column":0},"end":{"line":96,"column":2}},"24":{"start":{"line":98,"column":0},"end":{"line":105,"column":2}}},"fnMap":{"0":{"name":"(anonymous_0)","decl":{"start":{"line":15,"column":22},"end":{"line":15,"column":23}},"loc":{"start":{"line":17,"column":6},"end":{"line":87,"column":1}},"line":17},"1":{"name":"(anonymous_1)","decl":{"start":{"line":27,"column":19},"end":{"line":27,"column":20}},"loc":{"start":{"line":27,"column":35},"end":{"line":51,"column":3}},"line":27},"2":{"name":"(anonymous_2)","decl":{"start":{"line":60,"column":17},"end":{"line":60,"column":18}},"loc":{"start":{"line":60,"column":24},"end":{"line":60,"column":41}},"line":60},"3":{"name":"(anonymous_3)","decl":{"start":{"line":74,"column":19},"end":{"line":74,"column":20}},"loc":{"start":{"line":74,"column":26},"end":{"line":74,"column":44}},"line":74}},"branchMap":{"0":{"loc":{"start":{"line":28,"column":4},"end":{"line":50,"column":5}},"type":"if","locations":[{"start":{"line":28,"column":4},"end":{"line":50,"column":5}},{"start":{"line":47,"column":11},"end":{"line":50,"column":5}}],"line":28},"1":{"loc":{"start":{"line":31,"column":6},"end":{"line":45,"column":29}},"type":"if","locations":[{"start":{"line":31,"column":6},"end":{"line":45,"column":29}},{"start":{"line":34,"column":11},"end":{"line":45,"column":29}}],"line":31},"2":{"loc":{"start":{"line":32,"column":8},"end":{"line":33,"column":64}},"type":"binary-expr","locations":[{"start":{"line":32,"column":8},"end":{"line":32,"column":27}},{"start":{"line":33,"column":11},"end":{"line":33,"column":64}}],"line":32},"3":{"loc":{"start":{"line":34,"column":11},"end":{"line":45,"column":29}},"type":"if","locations":[{"start":{"line":34,"column":11},"end":{"line":45,"column":29}},{"start":{"line":38,"column":11},"end":{"line":45,"column":29}}],"line":34},"4":{"loc":{"start":{"line":35,"column":8},"end":{"line":37,"column":64}},"type":"binary-expr","locations":[{"start":{"line":35,"column":8},"end":{"line":35,"column":26}},{"start":{"line":36,"column":11},"end":{"line":36,"column":29}},{"start":{"line":37,"column":11},"end":{"line":37,"column":64}}],"line":35},"5":{"loc":{"start":{"line":38,"column":11},"end":{"line":45,"column":29}},"type":"if","locations":[{"start":{"line":38,"column":11},"end":{"line":45,"column":29}},{"start":{"line":42,"column":11},"end":{"line":45,"column":29}}],"line":38},"6":{"loc":{"start":{"line":39,"column":8},"end":{"line":41,"column":45}},"type":"binary-expr","locations":[{"start":{"line":39,"column":8},"end":{"line":39,"column":26}},{"start":{"line":40,"column":11},"end":{"line":40,"column":28}},{"start":{"line":41,"column":11},"end":{"line":41,"column":45}}],"line":39},"7":{"loc":{"start":{"line":42,"column":11},"end":{"line":45,"column":29}},"type":"if","locations":[{"start":{"line":42,"column":11},"end":{"line":45,"column":29}},{"start":{"line":45,"column":13},"end":{"line":45,"column":29}}],"line":42},"8":{"loc":{"start":{"line":56,"column":13},"end":{"line":56,"column":66}},"type":"cond-expr","locations":[{"start":{"line":56,"column":20},"end":{"line":56,"column":44}},{"start":{"line":56,"column":47},"end":{"line":56,"column":66}}],"line":56},"9":{"loc":{"start":{"line":69,"column":15},"end":{"line":69,"column":69}},"type":"cond-expr","locations":[{"start":{"line":69,"column":22},"end":{"line":69,"column":47}},{"start":{"line":69,"column":50},"end":{"line":69,"column":69}}],"line":69}},"s":{"0":4,"1":16,"2":16,"3":16,"4":16,"5":10,"6":5,"7":5,"8":1,"9":4,"10":1,"11":3,"12":1,"13":2,"14":1,"15":1,"16":1,"17":5,"18":5,"19":5,"20":16,"21":5,"22":5,"23":4,"24":4},"f":{"0":16,"1":10,"2":5,"3":5},"b":{"0":[5,5],"1":[1,4],"2":[5,1],"3":[1,3],"4":[4,2,2],"5":[1,2],"6":[3,2,1],"7":[1,1],"8":[5,11],"9":[5,11]},"_coverageSchema":"1a1c01bbd47fc00a2c39e90264f33305004495a9","hash":"f40097ce762292e8f0708680b81f79d654ec290f"}
,"/Users/nellirossi/Documents/recipes/recipes-frontend/src/components/Ingredients.jsx": {"path":"/Users/nellirossi/Documents/recipes/recipes-frontend/src/components/Ingredients.jsx","statementMap":{"0":{"start":{"line":11,"column":20},"end":{"line":35,"column":1}},"1":{"start":{"line":14,"column":25},"end":{"line":14,"column":27}},"2":{"start":{"line":15,"column":2},"end":{"line":24,"column":5}},"3":{"start":{"line":15,"column":34},"end":{"line":24,"column":3}},"4":{"start":{"line":25,"column":2},"end":{"line":34,"column":4}},"5":{"start":{"line":39,"column":0},"end":{"line":43,"column":2}},"6":{"start":{"line":45,"column":0},"end":{"line":49,"column":2}}},"fnMap":{"0":{"name":"(anonymous_0)","decl":{"start":{"line":11,"column":20},"end":{"line":11,"column":21}},"loc":{"start":{"line":13,"column":6},"end":{"line":35,"column":1}},"line":13},"1":{"name":"(anonymous_1)","decl":{"start":{"line":15,"column":18},"end":{"line":15,"column":19}},"loc":{"start":{"line":15,"column":34},"end":{"line":24,"column":3}},"line":15}},"branchMap":{},"s":{"0":2,"1":1,"2":1,"3":4,"4":1,"5":2,"6":2},"f":{"0":1,"1":4},"b":{},"_coverageSchema":"1a1c01bbd47fc00a2c39e90264f33305004495a9","hash":"ced3f8d61af7887692004bcdd95501b7f2a4b2b3"}
,"/Users/nellirossi/Documents/recipes/recipes-frontend/src/components/Instructions.jsx": {"path":"/Users/nellirossi/Documents/recipes/recipes-frontend/src/components/Instructions.jsx","statementMap":{"0":{"start":{"line":11,"column":21},"end":{"line":32,"column":1}},"1":{"start":{"line":14,"column":26},"end":{"line":14,"column":28}},"2":{"start":{"line":15,"column":2},"end":{"line":21,"column":5}},"3":{"start":{"line":15,"column":36},"end":{"line":21,"column":3}},"4":{"start":{"line":22,"column":2},"end":{"line":31,"column":4}},"5":{"start":{"line":36,"column":0},"end":{"line":40,"column":2}},"6":{"start":{"line":42,"column":0},"end":{"line":46,"column":2}}},"fnMap":{"0":{"name":"(anonymous_0)","decl":{"start":{"line":11,"column":21},"end":{"line":11,"column":22}},"loc":{"start":{"line":13,"column":6},"end":{"line":32,"column":1}},"line":13},"1":{"name":"(anonymous_1)","decl":{"start":{"line":15,"column":19},"end":{"line":15,"column":20}},"loc":{"start":{"line":15,"column":36},"end":{"line":21,"column":3}},"line":15}},"branchMap":{},"s":{"0":4,"1":60,"2":60,"3":0,"4":0,"5":4,"6":4},"f":{"0":60,"1":0},"b":{},"_coverageSchema":"1a1c01bbd47fc00a2c39e90264f33305004495a9","hash":"7433840ea3067c4fd73630aee4686d567f3a9925"}
,"/Users/nellirossi/Documents/recipes/recipes-frontend/src/components/Label.jsx": {"path":"/Users/nellirossi/Documents/recipes/recipes-frontend/src/components/Label.jsx","statementMap":{"0":{"start":{"line":10,"column":14},"end":{"line":21,"column":1}},"1":{"start":{"line":11,"column":20},"end":{"line":11,"column":22}},"2":{"start":{"line":13,"column":2},"end":{"line":15,"column":5}},"3":{"start":{"line":13,"column":24},"end":{"line":15,"column":3}},"4":{"start":{"line":16,"column":2},"end":{"line":20,"column":4}},"5":{"start":{"line":25,"column":0},"end":{"line":29,"column":2}},"6":{"start":{"line":31,"column":0},"end":{"line":35,"column":2}}},"fnMap":{"0":{"name":"(anonymous_0)","decl":{"start":{"line":10,"column":14},"end":{"line":10,"column":15}},"loc":{"start":{"line":10,"column":45},"end":{"line":21,"column":1}},"line":10},"1":{"name":"(anonymous_1)","decl":{"start":{"line":13,"column":13},"end":{"line":13,"column":14}},"loc":{"start":{"line":13,"column":24},"end":{"line":15,"column":3}},"line":13}},"branchMap":{},"s":{"0":4,"1":29,"2":29,"3":51,"4":29,"5":4,"6":4},"f":{"0":29,"1":51},"b":{},"_coverageSchema":"1a1c01bbd47fc00a2c39e90264f33305004495a9","hash":"699c8bec1cd8e5eabea89d7d6f8bc3fb2df0dff4"}
,"/Users/nellirossi/Documents/recipes/recipes-frontend/src/components/Layout.jsx": {"path":"/Users/nellirossi/Documents/recipes/recipes-frontend/src/components/Layout.jsx","statementMap":{"0":{"start":{"line":16,"column":15},"end":{"line":84,"column":1}},"1":{"start":{"line":17,"column":19},"end":{"line":17,"column":63}},"2":{"start":{"line":19,"column":30},"end":{"line":19,"column":41}},"3":{"start":{"line":20,"column":28},"end":{"line":20,"column":43}},"4":{"start":{"line":21,"column":36},"end":{"line":21,"column":46}},"5":{"start":{"line":22,"column":28},"end":{"line":22,"column":38}},"6":{"start":{"line":28,"column":2},"end":{"line":35,"column":9}},"7":{"start":{"line":29,"column":21},"end":{"line":29,"column":52}},"8":{"start":{"line":29,"column":27},"end":{"line":29,"column":52}},"9":{"start":{"line":30,"column":4},"end":{"line":30,"column":51}},"10":{"start":{"line":31,"column":4},"end":{"line":31,"column":48}},"11":{"start":{"line":33,"column":4},"end":{"line":33,"column":59}},"12":{"start":{"line":34,"column":4},"end":{"line":34,"column":51}},"13":{"start":{"line":40,"column":20},"end":{"line":49,"column":3}},"14":{"start":{"line":41,"column":4},"end":{"line":45,"column":5}},"15":{"start":{"line":42,"column":6},"end":{"line":42,"column":22}},"16":{"start":{"line":43,"column":6},"end":{"line":43,"column":46}},"17":{"start":{"line":44,"column":6},"end":{"line":44,"column":13}},"18":{"start":{"line":47,"column":4},"end":{"line":47,"column":19}},"19":{"start":{"line":48,"column":4},"end":{"line":48,"column":44}},"20":{"start":{"line":51,"column":2},"end":{"line":83,"column":4}},"21":{"start":{"line":58,"column":49},"end":{"line":58,"column":60}},"22":{"start":{"line":63,"column":35},"end":{"line":63,"column":46}},"23":{"start":{"line":88,"column":0},"end":{"line":92,"column":2}},"24":{"start":{"line":94,"column":0},"end":{"line":98,"column":2}}},"fnMap":{"0":{"name":"(anonymous_0)","decl":{"start":{"line":16,"column":15},"end":{"line":16,"column":16}},"loc":{"start":{"line":16,"column":47},"end":{"line":84,"column":1}},"line":16},"1":{"name":"(anonymous_1)","decl":{"start":{"line":28,"column":12},"end":{"line":28,"column":13}},"loc":{"start":{"line":28,"column":18},"end":{"line":35,"column":3}},"line":28},"2":{"name":"(anonymous_2)","decl":{"start":{"line":29,"column":21},"end":{"line":29,"column":22}},"loc":{"start":{"line":29,"column":27},"end":{"line":29,"column":52}},"line":29},"3":{"name":"(anonymous_3)","decl":{"start":{"line":40,"column":20},"end":{"line":40,"column":21}},"loc":{"start":{"line":40,"column":26},"end":{"line":49,"column":3}},"line":40},"4":{"name":"(anonymous_4)","decl":{"start":{"line":58,"column":43},"end":{"line":58,"column":44}},"loc":{"start":{"line":58,"column":49},"end":{"line":58,"column":60}},"line":58},"5":{"name":"(anonymous_5)","decl":{"start":{"line":63,"column":29},"end":{"line":63,"column":30}},"loc":{"start":{"line":63,"column":35},"end":{"line":63,"column":46}},"line":63}},"branchMap":{"0":{"loc":{"start":{"line":41,"column":4},"end":{"line":45,"column":5}},"type":"if","locations":[{"start":{"line":41,"column":4},"end":{"line":45,"column":5}},{"start":{},"end":{}}],"line":41},"1":{"loc":{"start":{"line":56,"column":15},"end":{"line":56,"column":68}},"type":"cond-expr","locations":[{"start":{"line":56,"column":28},"end":{"line":56,"column":46}},{"start":{"line":56,"column":49},"end":{"line":56,"column":68}}],"line":56},"2":{"loc":{"start":{"line":61,"column":7},"end":{"line":65,"column":16}},"type":"cond-expr","locations":[{"start":{"line":62,"column":8},"end":{"line":64,"column":14}},{"start":{"line":65,"column":11},"end":{"line":65,"column":15}}],"line":61},"3":{"loc":{"start":{"line":68,"column":9},"end":{"line":77,"column":69}},"type":"cond-expr","locations":[{"start":{"line":70,"column":12},"end":{"line":75,"column":14}},{"start":{"line":77,"column":12},"end":{"line":77,"column":69}}],"line":68}},"s":{"0":1,"1":11,"2":11,"3":11,"4":11,"5":11,"6":11,"7":4,"8":3,"9":4,"10":4,"11":4,"12":4,"13":11,"14":2,"15":1,"16":1,"17":1,"18":1,"19":1,"20":11,"21":1,"22":1,"23":1,"24":1},"f":{"0":11,"1":4,"2":3,"3":2,"4":1,"5":1},"b":{"0":[1,1],"1":[1,10],"2":[1,10],"3":[9,2]},"_coverageSchema":"1a1c01bbd47fc00a2c39e90264f33305004495a9","hash":"690914a4d5ad5834cbe2b239f8404c5ed95bf029"}
,"/Users/nellirossi/Documents/recipes/recipes-frontend/src/components/Load.jsx": {"path":"/Users/nellirossi/Documents/recipes/recipes-frontend/src/components/Load.jsx","statementMap":{"0":{"start":{"line":10,"column":13},"end":{"line":12,"column":1}},"1":{"start":{"line":11,"column":2},"end":{"line":11,"column":39}},"2":{"start":{"line":14,"column":0},"end":{"line":17,"column":2}},"3":{"start":{"line":19,"column":0},"end":{"line":22,"column":2}}},"fnMap":{"0":{"name":"(anonymous_0)","decl":{"start":{"line":10,"column":13},"end":{"line":10,"column":14}},"loc":{"start":{"line":11,"column":2},"end":{"line":11,"column":39}},"line":11}},"branchMap":{},"s":{"0":8,"1":75,"2":8,"3":8},"f":{"0":75},"b":{},"_coverageSchema":"1a1c01bbd47fc00a2c39e90264f33305004495a9","hash":"740d33ed09bbe178af01fe84e9b1453d1d81e9c1"}
,"/Users/nellirossi/Documents/recipes/recipes-frontend/src/components/RecipeList.jsx": {"path":"/Users/nellirossi/Documents/recipes/recipes-frontend/src/components/RecipeList.jsx","statementMap":{"0":{"start":{"line":12,"column":19},"end":{"line":28,"column":1}},"1":{"start":{"line":13,"column":19},"end":{"line":13,"column":21}},"2":{"start":{"line":15,"column":2},"end":{"line":21,"column":5}},"3":{"start":{"line":15,"column":22},"end":{"line":21,"column":3}},"4":{"start":{"line":23,"column":2},"end":{"line":27,"column":4}},"5":{"start":{"line":32,"column":0},"end":{"line":36,"column":2}},"6":{"start":{"line":38,"column":0},"end":{"line":42,"column":2}}},"fnMap":{"0":{"name":"(anonymous_0)","decl":{"start":{"line":12,"column":19},"end":{"line":12,"column":20}},"loc":{"start":{"line":12,"column":49},"end":{"line":28,"column":1}},"line":12},"1":{"name":"(anonymous_1)","decl":{"start":{"line":15,"column":12},"end":{"line":15,"column":13}},"loc":{"start":{"line":15,"column":22},"end":{"line":21,"column":3}},"line":15}},"branchMap":{},"s":{"0":2,"1":1,"2":1,"3":5,"4":1,"5":2,"6":2},"f":{"0":1,"1":5},"b":{},"_coverageSchema":"1a1c01bbd47fc00a2c39e90264f33305004495a9","hash":"5fffb2750b32d3e9cd8524b41d4d00cdb963c4fa"}
,"/Users/nellirossi/Documents/recipes/recipes-frontend/src/components/RecipeListItem.jsx": {"path":"/Users/nellirossi/Documents/recipes/recipes-frontend/src/components/RecipeListItem.jsx","statementMap":{"0":{"start":{"line":12,"column":23},"end":{"line":22,"column":1}},"1":{"start":{"line":15,"column":2},"end":{"line":21,"column":8}},"2":{"start":{"line":25,"column":0},"end":{"line":30,"column":2}},"3":{"start":{"line":32,"column":0},"end":{"line":37,"column":2}}},"fnMap":{"0":{"name":"(anonymous_0)","decl":{"start":{"line":12,"column":23},"end":{"line":12,"column":24}},"loc":{"start":{"line":15,"column":2},"end":{"line":21,"column":8}},"line":15}},"branchMap":{},"s":{"0":2,"1":1,"2":2,"3":2},"f":{"0":1},"b":{},"_coverageSchema":"1a1c01bbd47fc00a2c39e90264f33305004495a9","hash":"92c07fc205d8e858fff2463ddedbbbc4ff5c75bd"}
,"/Users/nellirossi/Documents/recipes/recipes-frontend/src/components/SearchField.jsx": {"path":"/Users/nellirossi/Documents/recipes/recipes-frontend/src/components/SearchField.jsx","statementMap":{"0":{"start":{"line":16,"column":20},"end":{"line":31,"column":1}},"1":{"start":{"line":19,"column":2},"end":{"line":30,"column":8}},"2":{"start":{"line":35,"column":0},"end":{"line":44,"column":2}},"3":{"start":{"line":46,"column":0},"end":{"line":55,"column":2}}},"fnMap":{"0":{"name":"(anonymous_0)","decl":{"start":{"line":16,"column":20},"end":{"line":16,"column":21}},"loc":{"start":{"line":19,"column":2},"end":{"line":30,"column":8}},"line":19}},"branchMap":{},"s":{"0":4,"1":2,"2":4,"3":4},"f":{"0":2},"b":{},"_coverageSchema":"1a1c01bbd47fc00a2c39e90264f33305004495a9","hash":"fd10b4a9f939771dbd3cd85a0ec62b9de3e2da4a"}
,"/Users/nellirossi/Documents/recipes/recipes-frontend/src/components/SettingsInput.jsx": {"path":"/Users/nellirossi/Documents/recipes/recipes-frontend/src/components/SettingsInput.jsx","statementMap":{"0":{"start":{"line":15,"column":22},"end":{"line":31,"column":1}},"1":{"start":{"line":18,"column":2},"end":{"line":30,"column":8}},"2":{"start":{"line":27,"column":23},"end":{"line":27,"column":47}},"3":{"start":{"line":35,"column":0},"end":{"line":43,"column":2}},"4":{"start":{"line":45,"column":0},"end":{"line":53,"column":2}}},"fnMap":{"0":{"name":"(anonymous_0)","decl":{"start":{"line":15,"column":22},"end":{"line":15,"column":23}},"loc":{"start":{"line":18,"column":2},"end":{"line":30,"column":8}},"line":18},"1":{"name":"(anonymous_1)","decl":{"start":{"line":27,"column":16},"end":{"line":27,"column":17}},"loc":{"start":{"line":27,"column":23},"end":{"line":27,"column":47}},"line":27}},"branchMap":{"0":{"loc":{"start":{"line":28,"column":12},"end":{"line":28,"column":54}},"type":"cond-expr","locations":[{"start":{"line":28,"column":35},"end":{"line":28,"column":45}},{"start":{"line":28,"column":48},"end":{"line":28,"column":54}}],"line":28}},"s":{"0":2,"1":231,"2":32,"3":2,"4":2},"f":{"0":231,"1":32},"b":{"0":[56,175]},"_coverageSchema":"1a1c01bbd47fc00a2c39e90264f33305004495a9","hash":"7237ec3e4dc4fa70f1b2a83638fc6ebadc1625a7"}
,"/Users/nellirossi/Documents/recipes/recipes-frontend/src/components/Spinner.jsx": {"path":"/Users/nellirossi/Documents/recipes/recipes-frontend/src/components/Spinner.jsx","statementMap":{"0":{"start":{"line":10,"column":16},"end":{"line":12,"column":1}},"1":{"start":{"line":11,"column":2},"end":{"line":11,"column":52}},"2":{"start":{"line":16,"column":0},"end":{"line":19,"column":2}},"3":{"start":{"line":21,"column":0},"end":{"line":24,"column":2}}},"fnMap":{"0":{"name":"(anonymous_0)","decl":{"start":{"line":10,"column":16},"end":{"line":10,"column":17}},"loc":{"start":{"line":11,"column":2},"end":{"line":11,"column":52}},"line":11}},"branchMap":{},"s":{"0":8,"1":11,"2":8,"3":8},"f":{"0":11},"b":{},"_coverageSchema":"1a1c01bbd47fc00a2c39e90264f33305004495a9","hash":"ff9b549613102d871233325318133a724c7a8873"}
,"/Users/nellirossi/Documents/recipes/recipes-frontend/src/helpers/GuardedRoute.jsx": {"path":"/Users/nellirossi/Documents/recipes/recipes-frontend/src/helpers/GuardedRoute.jsx","statementMap":{"0":{"start":{"line":12,"column":21},"end":{"line":19,"column":1}},"1":{"start":{"line":18,"column":2},"end":{"line":18,"column":92}},"2":{"start":{"line":23,"column":0},"end":{"line":28,"column":2}},"3":{"start":{"line":30,"column":0},"end":{"line":35,"column":2}}},"fnMap":{"0":{"name":"(anonymous_0)","decl":{"start":{"line":12,"column":21},"end":{"line":12,"column":22}},"loc":{"start":{"line":18,"column":2},"end":{"line":18,"column":92}},"line":18}},"branchMap":{"0":{"loc":{"start":{"line":18,"column":2},"end":{"line":18,"column":92}},"type":"cond-expr","locations":[{"start":{"line":18,"column":13},"end":{"line":18,"column":70}},{"start":{"line":18,"column":73},"end":{"line":18,"column":92}}],"line":18}},"s":{"0":1,"1":2,"2":1,"3":1},"f":{"0":2},"b":{"0":[1,1]},"_coverageSchema":"1a1c01bbd47fc00a2c39e90264f33305004495a9","hash":"77e3dbd057a65741219a0ba5bc4429c4b9cb1ad8"}
,"/Users/nellirossi/Documents/recipes/recipes-frontend/src/helpers/dateHelpers.jsx": {"path":"/Users/nellirossi/Documents/recipes/recipes-frontend/src/helpers/dateHelpers.jsx","statementMap":{"0":{"start":{"line":5,"column":28},"end":{"line":14,"column":1}},"1":{"start":{"line":6,"column":15},"end":{"line":6,"column":25}},"2":{"start":{"line":7,"column":15},"end":{"line":7,"column":28}},"3":{"start":{"line":8,"column":16},"end":{"line":8,"column":41}},"4":{"start":{"line":9,"column":15},"end":{"line":9,"column":17}},"5":{"start":{"line":10,"column":2},"end":{"line":12,"column":3}},"6":{"start":{"line":10,"column":15},"end":{"line":10,"column":16}},"7":{"start":{"line":11,"column":4},"end":{"line":11,"column":94}},"8":{"start":{"line":13,"column":2},"end":{"line":13,"column":14}},"9":{"start":{"line":16,"column":23},"end":{"line":16,"column":84}},"10":{"start":{"line":16,"column":29},"end":{"line":16,"column":84}}},"fnMap":{"0":{"name":"(anonymous_0)","decl":{"start":{"line":5,"column":28},"end":{"line":5,"column":29}},"loc":{"start":{"line":5,"column":34},"end":{"line":14,"column":1}},"line":5},"1":{"name":"(anonymous_1)","decl":{"start":{"line":16,"column":23},"end":{"line":16,"column":24}},"loc":{"start":{"line":16,"column":29},"end":{"line":16,"column":84}},"line":16}},"branchMap":{},"s":{"0":3,"1":1,"2":1,"3":1,"4":1,"5":1,"6":1,"7":7,"8":1,"9":3,"10":1},"f":{"0":1,"1":1},"b":{},"_coverageSchema":"1a1c01bbd47fc00a2c39e90264f33305004495a9","hash":"0bd10a1db7552da8fc35e009860227635ffd1388"}
,"/Users/nellirossi/Documents/recipes/recipes-frontend/src/pages/home/Home.jsx": {"path":"/Users/nellirossi/Documents/recipes/recipes-frontend/src/pages/home/Home.jsx","statementMap":{"0":{"start":{"line":10,"column":13},"end":{"line":30,"column":1}},"1":{"start":{"line":11,"column":2},"end":{"line":29,"column":8}},"2":{"start":{"line":34,"column":0},"end":{"line":37,"column":2}},"3":{"start":{"line":39,"column":0},"end":{"line":42,"column":2}}},"fnMap":{"0":{"name":"(anonymous_0)","decl":{"start":{"line":10,"column":13},"end":{"line":10,"column":14}},"loc":{"start":{"line":11,"column":2},"end":{"line":29,"column":8}},"line":11}},"branchMap":{},"s":{"0":1,"1":1,"2":1,"3":1},"f":{"0":1},"b":{},"_coverageSchema":"1a1c01bbd47fc00a2c39e90264f33305004495a9","hash":"dc7fdc8cfd9bd4f285e93e20f447005db1433305"}
,"/Users/nellirossi/Documents/recipes/recipes-frontend/src/pages/login/CreateNewForm.jsx": {"path":"/Users/nellirossi/Documents/recipes/recipes-frontend/src/pages/login/CreateNewForm.jsx","statementMap":{"0":{"start":{"line":15,"column":22},"end":{"line":87,"column":1}},"1":{"start":{"line":18,"column":28},"end":{"line":18,"column":40}},"2":{"start":{"line":19,"column":26},"end":{"line":19,"column":38}},"3":{"start":{"line":20,"column":34},"end":{"line":20,"column":46}},"4":{"start":{"line":21,"column":34},"end":{"line":21,"column":46}},"5":{"start":{"line":22,"column":48},"end":{"line":22,"column":60}},"6":{"start":{"line":24,"column":34},"end":{"line":24,"column":48}},"7":{"start":{"line":25,"column":44},"end":{"line":25,"column":59}},"8":{"start":{"line":26,"column":44},"end":{"line":26,"column":59}},"9":{"start":{"line":27,"column":58},"end":{"line":27,"column":73}},"10":{"start":{"line":29,"column":24},"end":{"line":29,"column":38}},"11":{"start":{"line":30,"column":24},"end":{"line":30,"column":88}},"12":{"start":{"line":36,"column":2},"end":{"line":46,"column":57}},"13":{"start":{"line":37,"column":4},"end":{"line":37,"column":80}},"14":{"start":{"line":38,"column":4},"end":{"line":38,"column":80}},"15":{"start":{"line":39,"column":4},"end":{"line":39,"column":58}},"16":{"start":{"line":41,"column":4},"end":{"line":45,"column":28}},"17":{"start":{"line":44,"column":74},"end":{"line":44,"column":92}},"18":{"start":{"line":45,"column":9},"end":{"line":45,"column":28}},"19":{"start":{"line":48,"column":2},"end":{"line":86,"column":4}},"20":{"start":{"line":52,"column":51},"end":{"line":52,"column":74}},"21":{"start":{"line":53,"column":53},"end":{"line":53,"column":77}},"22":{"start":{"line":55,"column":57},"end":{"line":55,"column":84}},"23":{"start":{"line":59,"column":57},"end":{"line":59,"column":84}},"24":{"start":{"line":73,"column":65},"end":{"line":73,"column":99}},"25":{"start":{"line":91,"column":0},"end":{"line":98,"column":2}},"26":{"start":{"line":100,"column":0},"end":{"line":107,"column":2}}},"fnMap":{"0":{"name":"(anonymous_0)","decl":{"start":{"line":15,"column":22},"end":{"line":15,"column":23}},"loc":{"start":{"line":17,"column":6},"end":{"line":87,"column":1}},"line":17},"1":{"name":"(anonymous_1)","decl":{"start":{"line":36,"column":12},"end":{"line":36,"column":13}},"loc":{"start":{"line":36,"column":18},"end":{"line":46,"column":3}},"line":36},"2":{"name":"(anonymous_2)","decl":{"start":{"line":52,"column":44},"end":{"line":52,"column":45}},"loc":{"start":{"line":52,"column":51},"end":{"line":52,"column":74}},"line":52},"3":{"name":"(anonymous_3)","decl":{"start":{"line":53,"column":46},"end":{"line":53,"column":47}},"loc":{"start":{"line":53,"column":53},"end":{"line":53,"column":77}},"line":53},"4":{"name":"(anonymous_4)","decl":{"start":{"line":55,"column":50},"end":{"line":55,"column":51}},"loc":{"start":{"line":55,"column":57},"end":{"line":55,"column":84}},"line":55},"5":{"name":"(anonymous_5)","decl":{"start":{"line":59,"column":50},"end":{"line":59,"column":51}},"loc":{"start":{"line":59,"column":57},"end":{"line":59,"column":84}},"line":59},"6":{"name":"(anonymous_6)","decl":{"start":{"line":73,"column":58},"end":{"line":73,"column":59}},"loc":{"start":{"line":73,"column":65},"end":{"line":73,"column":99}},"line":73}},"branchMap":{"0":{"loc":{"start":{"line":37,"column":21},"end":{"line":37,"column":78}},"type":"binary-expr","locations":[{"start":{"line":37,"column":21},"end":{"line":37,"column":59}},{"start":{"line":37,"column":63},"end":{"line":37,"column":78}}],"line":37},"1":{"loc":{"start":{"line":38,"column":21},"end":{"line":38,"column":78}},"type":"binary-expr","locations":[{"start":{"line":38,"column":21},"end":{"line":38,"column":59}},{"start":{"line":38,"column":63},"end":{"line":38,"column":78}}],"line":38},"2":{"loc":{"start":{"line":41,"column":4},"end":{"line":45,"column":28}},"type":"if","locations":[{"start":{"line":41,"column":4},"end":{"line":45,"column":28}},{"start":{"line":45,"column":9},"end":{"line":45,"column":28}}],"line":41},"3":{"loc":{"start":{"line":41,"column":8},"end":{"line":44,"column":72}},"type":"binary-expr","locations":[{"start":{"line":41,"column":8},"end":{"line":41,"column":46}},{"start":{"line":42,"column":9},"end":{"line":42,"column":47}},{"start":{"line":43,"column":9},"end":{"line":43,"column":37}},{"start":{"line":44,"column":9},"end":{"line":44,"column":72}}],"line":41},"4":{"loc":{"start":{"line":56,"column":12},"end":{"line":56,"column":139}},"type":"cond-expr","locations":[{"start":{"line":56,"column":28},"end":{"line":56,"column":132}},{"start":{"line":56,"column":135},"end":{"line":56,"column":139}}],"line":56},"5":{"loc":{"start":{"line":60,"column":12},"end":{"line":70,"column":18}},"type":"cond-expr","locations":[{"start":{"line":62,"column":14},"end":{"line":68,"column":19}},{"start":{"line":70,"column":14},"end":{"line":70,"column":18}}],"line":60},"6":{"loc":{"start":{"line":74,"column":12},"end":{"line":74,"column":129}},"type":"cond-expr","locations":[{"start":{"line":74,"column":35},"end":{"line":74,"column":122}},{"start":{"line":74,"column":125},"end":{"line":74,"column":129}}],"line":74},"7":{"loc":{"start":{"line":80,"column":7},"end":{"line":80,"column":160}},"type":"cond-expr","locations":[{"start":{"line":80,"column":23},"end":{"line":80,"column":34}},{"start":{"line":80,"column":37},"end":{"line":80,"column":160}}],"line":80}},"s":{"0":1,"1":172,"2":172,"3":172,"4":172,"5":172,"6":172,"7":172,"8":172,"9":172,"10":172,"11":172,"12":172,"13":89,"14":89,"15":89,"16":89,"17":88,"18":1,"19":172,"20":9,"21":10,"22":14,"23":25,"24":25,"25":1,"26":1},"f":{"0":172,"1":89,"2":9,"3":10,"4":14,"5":25,"6":25},"b":{"0":[89,36],"1":[89,57],"2":[88,1],"3":[89,53,32,1],"4":[7,165],"5":[72,100],"6":[132,40],"7":[1,171]},"_coverageSchema":"1a1c01bbd47fc00a2c39e90264f33305004495a9","hash":"b160ddd11012957f712fbf5f61711324da5bba32"}
,"/Users/nellirossi/Documents/recipes/recipes-frontend/src/pages/login/Login.jsx": {"path":"/Users/nellirossi/Documents/recipes/recipes-frontend/src/pages/login/Login.jsx","statementMap":{"0":{"start":{"line":14,"column":14},"end":{"line":70,"column":1}},"1":{"start":{"line":15,"column":28},"end":{"line":15,"column":42}},"2":{"start":{"line":16,"column":32},"end":{"line":16,"column":43}},"3":{"start":{"line":17,"column":28},"end":{"line":17,"column":42}},"4":{"start":{"line":22,"column":22},"end":{"line":27,"column":3}},"5":{"start":{"line":23,"column":4},"end":{"line":23,"column":18}},"6":{"start":{"line":24,"column":4},"end":{"line":24,"column":23}},"7":{"start":{"line":25,"column":19},"end":{"line":25,"column":36}},"8":{"start":{"line":26,"column":4},"end":{"line":26,"column":69}},"9":{"start":{"line":31,"column":23},"end":{"line":44,"column":3}},"10":{"start":{"line":32,"column":4},"end":{"line":32,"column":18}},"11":{"start":{"line":33,"column":4},"end":{"line":33,"column":23}},"12":{"start":{"line":34,"column":19},"end":{"line":34,"column":36}},"13":{"start":{"line":35,"column":4},"end":{"line":43,"column":6}},"14":{"start":{"line":46,"column":2},"end":{"line":69,"column":4}},"15":{"start":{"line":53,"column":32},"end":{"line":53,"column":47}},"16":{"start":{"line":61,"column":32},"end":{"line":61,"column":46}},"17":{"start":{"line":74,"column":0},"end":{"line":78,"column":2}},"18":{"start":{"line":80,"column":0},"end":{"line":84,"column":2}}},"fnMap":{"0":{"name":"(anonymous_0)","decl":{"start":{"line":14,"column":14},"end":{"line":14,"column":15}},"loc":{"start":{"line":14,"column":49},"end":{"line":70,"column":1}},"line":14},"1":{"name":"(anonymous_1)","decl":{"start":{"line":22,"column":22},"end":{"line":22,"column":23}},"loc":{"start":{"line":22,"column":29},"end":{"line":27,"column":3}},"line":22},"2":{"name":"(anonymous_2)","decl":{"start":{"line":31,"column":23},"end":{"line":31,"column":24}},"loc":{"start":{"line":31,"column":30},"end":{"line":44,"column":3}},"line":31},"3":{"name":"(anonymous_3)","decl":{"start":{"line":53,"column":26},"end":{"line":53,"column":27}},"loc":{"start":{"line":53,"column":32},"end":{"line":53,"column":47}},"line":53},"4":{"name":"(anonymous_4)","decl":{"start":{"line":61,"column":26},"end":{"line":61,"column":27}},"loc":{"start":{"line":61,"column":32},"end":{"line":61,"column":46}},"line":61}},"branchMap":{"0":{"loc":{"start":{"line":50,"column":9},"end":{"line":66,"column":11}},"type":"cond-expr","locations":[{"start":{"line":52,"column":12},"end":{"line":57,"column":14}},{"start":{"line":60,"column":12},"end":{"line":65,"column":14}}],"line":50}},"s":{"0":1,"1":9,"2":9,"3":9,"4":9,"5":1,"6":1,"7":1,"8":1,"9":9,"10":1,"11":1,"12":1,"13":1,"14":9,"15":2,"16":1,"17":1,"18":1},"f":{"0":9,"1":1,"2":1,"3":2,"4":1},"b":{"0":[6,3]},"_coverageSchema":"1a1c01bbd47fc00a2c39e90264f33305004495a9","hash":"93efb8dbb47ce22e631561b27ab7c73806c866e1"}
,"/Users/nellirossi/Documents/recipes/recipes-frontend/src/pages/login/LoginForm.jsx": {"path":"/Users/nellirossi/Documents/recipes/recipes-frontend/src/pages/login/LoginForm.jsx","statementMap":{"0":{"start":{"line":15,"column":18},"end":{"line":33,"column":1}},"1":{"start":{"line":18,"column":2},"end":{"line":32,"column":8}},"2":{"start":{"line":37,"column":0},"end":{"line":44,"column":2}},"3":{"start":{"line":46,"column":0},"end":{"line":53,"column":2}}},"fnMap":{"0":{"name":"(anonymous_0)","decl":{"start":{"line":15,"column":18},"end":{"line":15,"column":19}},"loc":{"start":{"line":18,"column":2},"end":{"line":32,"column":8}},"line":18}},"branchMap":{"0":{"loc":{"start":{"line":27,"column":5},"end":{"line":27,"column":129}},"type":"cond-expr","locations":[{"start":{"line":27,"column":21},"end":{"line":27,"column":32}},{"start":{"line":27,"column":35},"end":{"line":27,"column":129}}],"line":27}},"s":{"0":1,"1":5,"2":1,"3":1},"f":{"0":5},"b":{"0":[1,4]},"_coverageSchema":"1a1c01bbd47fc00a2c39e90264f33305004495a9","hash":"0fd2e3ed0e399c5625d8a6a8b32f90f7e7c17707"}
,"/Users/nellirossi/Documents/recipes/recipes-frontend/src/pages/personal/List.jsx": {"path":"/Users/nellirossi/Documents/recipes/recipes-frontend/src/pages/personal/List.jsx","statementMap":{"0":{"start":{"line":20,"column":13},"end":{"line":40,"column":1}},"1":{"start":{"line":23,"column":2},"end":{"line":39,"column":8}},"2":{"start":{"line":25,"column":45},"end":{"line":25,"column":69}},"3":{"start":{"line":26,"column":45},"end":{"line":26,"column":67}},"4":{"start":{"line":44,"column":0},"end":{"line":55,"column":2}},"5":{"start":{"line":57,"column":0},"end":{"line":68,"column":2}}},"fnMap":{"0":{"name":"(anonymous_0)","decl":{"start":{"line":20,"column":13},"end":{"line":20,"column":14}},"loc":{"start":{"line":23,"column":2},"end":{"line":39,"column":8}},"line":23},"1":{"name":"(anonymous_1)","decl":{"start":{"line":25,"column":37},"end":{"line":25,"column":38}},"loc":{"start":{"line":25,"column":43},"end":{"line":25,"column":71}},"line":25},"2":{"name":"(anonymous_2)","decl":{"start":{"line":26,"column":37},"end":{"line":26,"column":38}},"loc":{"start":{"line":26,"column":43},"end":{"line":26,"column":69}},"line":26}},"branchMap":{"0":{"loc":{"start":{"line":29,"column":7},"end":{"line":33,"column":38}},"type":"cond-expr","locations":[{"start":{"line":30,"column":8},"end":{"line":32,"column":14}},{"start":{"line":33,"column":10},"end":{"line":33,"column":38}}],"line":29}},"s":{"0":2,"1":7,"2":1,"3":1,"4":2,"5":2},"f":{"0":7,"1":1,"2":1},"b":{"0":[1,6]},"_coverageSchema":"1a1c01bbd47fc00a2c39e90264f33305004495a9","hash":"691cd173680c712e960dce81aa49f04116c4b852"}
,"/Users/nellirossi/Documents/recipes/recipes-frontend/src/pages/personal/Personal.jsx": {"path":"/Users/nellirossi/Documents/recipes/recipes-frontend/src/pages/personal/Personal.jsx","statementMap":{"0":{"start":{"line":18,"column":17},"end":{"line":148,"column":1}},"1":{"start":{"line":19,"column":20},"end":{"line":19,"column":41}},"2":{"start":{"line":20,"column":16},"end":{"line":20,"column":37}},"3":{"start":{"line":22,"column":15},"end":{"line":22,"column":24}},"4":{"start":{"line":23,"column":32},"end":{"line":23,"column":43}},"5":{"start":{"line":24,"column":28},"end":{"line":24,"column":40}},"6":{"start":{"line":25,"column":30},"end":{"line":25,"column":44}},"7":{"start":{"line":26,"column":30},"end":{"line":26,"column":45}},"8":{"start":{"line":27,"column":26},"end":{"line":27,"column":47}},"9":{"start":{"line":28,"column":36},"end":{"line":28,"column":47}},"10":{"start":{"line":29,"column":46},"end":{"line":29,"column":57}},"11":{"start":{"line":30,"column":42},"end":{"line":30,"column":53}},"12":{"start":{"line":31,"column":28},"end":{"line":31,"column":42}},"13":{"start":{"line":32,"column":34},"end":{"line":32,"column":48}},"14":{"start":{"line":33,"column":15},"end":{"line":33,"column":24}},"15":{"start":{"line":38,"column":2},"end":{"line":53,"column":9}},"16":{"start":{"line":39,"column":4},"end":{"line":52,"column":9}},"17":{"start":{"line":41,"column":8},"end":{"line":41,"column":28}},"18":{"start":{"line":42,"column":8},"end":{"line":42,"column":33}},"19":{"start":{"line":43,"column":8},"end":{"line":43,"column":36}},"20":{"start":{"line":44,"column":8},"end":{"line":44,"column":46}},"21":{"start":{"line":45,"column":8},"end":{"line":45,"column":42}},"22":{"start":{"line":46,"column":8},"end":{"line":46,"column":28}},"23":{"start":{"line":47,"column":8},"end":{"line":47,"column":34}},"24":{"start":{"line":48,"column":8},"end":{"line":48,"column":22}},"25":{"start":{"line":51,"column":8},"end":{"line":51,"column":22}},"26":{"start":{"line":58,"column":2},"end":{"line":61,"column":21}},"27":{"start":{"line":59,"column":4},"end":{"line":60,"column":25}},"28":{"start":{"line":59,"column":27},"end":{"line":59,"column":44}},"29":{"start":{"line":60,"column":9},"end":{"line":60,"column":25}},"30":{"start":{"line":66,"column":19},"end":{"line":70,"column":3}},"31":{"start":{"line":67,"column":4},"end":{"line":67,"column":18}},"32":{"start":{"line":68,"column":4},"end":{"line":68,"column":22}},"33":{"start":{"line":69,"column":4},"end":{"line":69,"column":87}},"34":{"start":{"line":75,"column":19},"end":{"line":79,"column":3}},"35":{"start":{"line":76,"column":4},"end":{"line":76,"column":18}},"36":{"start":{"line":77,"column":4},"end":{"line":77,"column":22}},"37":{"start":{"line":78,"column":4},"end":{"line":78,"column":87}},"38":{"start":{"line":84,"column":21},"end":{"line":89,"column":3}},"39":{"start":{"line":85,"column":4},"end":{"line":85,"column":18}},"40":{"start":{"line":86,"column":4},"end":{"line":86,"column":17}},"41":{"start":{"line":87,"column":4},"end":{"line":87,"column":21}},"42":{"start":{"line":88,"column":4},"end":{"line":88,"column":75}},"43":{"start":{"line":91,"column":2},"end":{"line":97,"column":3}},"44":{"start":{"line":92,"column":4},"end":{"line":96,"column":6}},"45":{"start":{"line":98,"column":2},"end":{"line":147,"column":4}},"46":{"start":{"line":152,"column":0},"end":{"line":155,"column":2}},"47":{"start":{"line":157,"column":0},"end":{"line":160,"column":2}}},"fnMap":{"0":{"name":"(anonymous_0)","decl":{"start":{"line":18,"column":17},"end":{"line":18,"column":18}},"loc":{"start":{"line":18,"column":40},"end":{"line":148,"column":1}},"line":18},"1":{"name":"(anonymous_1)","decl":{"start":{"line":38,"column":12},"end":{"line":38,"column":13}},"loc":{"start":{"line":38,"column":18},"end":{"line":53,"column":3}},"line":38},"2":{"name":"(anonymous_2)","decl":{"start":{"line":40,"column":12},"end":{"line":40,"column":13}},"loc":{"start":{"line":40,"column":21},"end":{"line":49,"column":7}},"line":40},"3":{"name":"(anonymous_3)","decl":{"start":{"line":50,"column":13},"end":{"line":50,"column":14}},"loc":{"start":{"line":50,"column":19},"end":{"line":52,"column":7}},"line":50},"4":{"name":"(anonymous_4)","decl":{"start":{"line":58,"column":12},"end":{"line":58,"column":13}},"loc":{"start":{"line":58,"column":18},"end":{"line":61,"column":3}},"line":58},"5":{"name":"(anonymous_5)","decl":{"start":{"line":66,"column":19},"end":{"line":66,"column":20}},"loc":{"start":{"line":66,"column":25},"end":{"line":70,"column":3}},"line":66},"6":{"name":"(anonymous_6)","decl":{"start":{"line":75,"column":19},"end":{"line":75,"column":20}},"loc":{"start":{"line":75,"column":25},"end":{"line":79,"column":3}},"line":75},"7":{"name":"(anonymous_7)","decl":{"start":{"line":84,"column":21},"end":{"line":84,"column":22}},"loc":{"start":{"line":84,"column":30},"end":{"line":89,"column":3}},"line":84}},"branchMap":{"0":{"loc":{"start":{"line":59,"column":4},"end":{"line":60,"column":25}},"type":"if","locations":[{"start":{"line":59,"column":4},"end":{"line":60,"column":25}},{"start":{"line":60,"column":9},"end":{"line":60,"column":25}}],"line":59},"1":{"loc":{"start":{"line":91,"column":2},"end":{"line":97,"column":3}},"type":"if","locations":[{"start":{"line":91,"column":2},"end":{"line":97,"column":3}},{"start":{},"end":{}}],"line":91},"2":{"loc":{"start":{"line":100,"column":7},"end":{"line":121,"column":9}},"type":"cond-expr","locations":[{"start":{"line":102,"column":10},"end":{"line":104,"column":16}},{"start":{"line":107,"column":10},"end":{"line":120,"column":16}}],"line":100},"3":{"loc":{"start":{"line":123,"column":9},"end":{"line":134,"column":9}},"type":"cond-expr","locations":[{"start":{"line":123,"column":25},"end":{"line":123,"column":33}},{"start":{"line":124,"column":10},"end":{"line":133,"column":12}}],"line":123},"4":{"loc":{"start":{"line":137,"column":9},"end":{"line":144,"column":9}},"type":"cond-expr","locations":[{"start":{"line":137,"column":25},"end":{"line":137,"column":33}},{"start":{"line":138,"column":10},"end":{"line":143,"column":12}}],"line":137}},"s":{"0":3,"1":15,"2":15,"3":15,"4":15,"5":15,"6":15,"7":15,"8":15,"9":15,"10":15,"11":15,"12":15,"13":15,"14":15,"15":15,"16":5,"17":4,"18":4,"19":4,"20":4,"21":4,"22":4,"23":4,"24":4,"25":1,"26":15,"27":7,"28":6,"29":1,"30":15,"31":1,"32":1,"33":1,"34":15,"35":1,"36":1,"37":1,"38":15,"39":1,"40":1,"41":1,"42":1,"43":15,"44":1,"45":14,"46":3,"47":3},"f":{"0":15,"1":5,"2":4,"3":1,"4":7,"5":1,"6":1,"7":1},"b":{"0":[6,1],"1":[1,14],"2":[5,9],"3":[5,9],"4":[5,9]},"_coverageSchema":"1a1c01bbd47fc00a2c39e90264f33305004495a9","hash":"19cfc210b4ced397b3799c14ce910d317a7fbd77"}
,"/Users/nellirossi/Documents/recipes/recipes-frontend/src/pages/personal/Statistics.jsx": {"path":"/Users/nellirossi/Documents/recipes/recipes-frontend/src/pages/personal/Statistics.jsx","statementMap":{"0":{"start":{"line":20,"column":19},"end":{"line":55,"column":1}},"1":{"start":{"line":23,"column":17},"end":{"line":23,"column":61}},"2":{"start":{"line":24,"column":2},"end":{"line":54,"column":4}},"3":{"start":{"line":30,"column":135},"end":{"line":30,"column":167}},"4":{"start":{"line":32,"column":16},"end":{"line":32,"column":66}},"5":{"start":{"line":59,"column":0},"end":{"line":66,"column":2}},"6":{"start":{"line":68,"column":0},"end":{"line":75,"column":2}}},"fnMap":{"0":{"name":"(anonymous_0)","decl":{"start":{"line":20,"column":19},"end":{"line":20,"column":20}},"loc":{"start":{"line":22,"column":6},"end":{"line":55,"column":1}},"line":22},"1":{"name":"(anonymous_1)","decl":{"start":{"line":30,"column":118},"end":{"line":30,"column":119}},"loc":{"start":{"line":30,"column":135},"end":{"line":30,"column":167}},"line":30},"2":{"name":"(anonymous_2)","decl":{"start":{"line":31,"column":25},"end":{"line":31,"column":26}},"loc":{"start":{"line":32,"column":16},"end":{"line":32,"column":66}},"line":32}},"branchMap":{},"s":{"0":2,"1":1,"2":1,"3":4,"4":4,"5":2,"6":2},"f":{"0":1,"1":4,"2":4},"b":{},"_coverageSchema":"1a1c01bbd47fc00a2c39e90264f33305004495a9","hash":"f4780c899dcbec601572a75f0c9a0dbc6b07e2bd"}
,"/Users/nellirossi/Documents/recipes/recipes-frontend/src/pages/personal/personalHooks.jsx": {"path":"/Users/nellirossi/Documents/recipes/recipes-frontend/src/pages/personal/personalHooks.jsx","statementMap":{"0":{"start":{"line":4,"column":27},"end":{"line":26,"column":1}},"1":{"start":{"line":5,"column":2},"end":{"line":25,"column":3}},"2":{"start":{"line":6,"column":4},"end":{"line":14,"column":9}},"3":{"start":{"line":8,"column":8},"end":{"line":8,"column":28}},"4":{"start":{"line":9,"column":8},"end":{"line":9,"column":35}},"5":{"start":{"line":10,"column":8},"end":{"line":10,"column":22}},"6":{"start":{"line":13,"column":8},"end":{"line":13,"column":22}},"7":{"start":{"line":16,"column":4},"end":{"line":24,"column":9}},"8":{"start":{"line":18,"column":8},"end":{"line":18,"column":28}},"9":{"start":{"line":19,"column":8},"end":{"line":19,"column":35}},"10":{"start":{"line":20,"column":8},"end":{"line":20,"column":22}},"11":{"start":{"line":23,"column":8},"end":{"line":23,"column":22}}},"fnMap":{"0":{"name":"(anonymous_0)","decl":{"start":{"line":4,"column":27},"end":{"line":4,"column":28}},"loc":{"start":{"line":4,"column":94},"end":{"line":26,"column":1}},"line":4},"1":{"name":"(anonymous_1)","decl":{"start":{"line":7,"column":12},"end":{"line":7,"column":13}},"loc":{"start":{"line":7,"column":21},"end":{"line":11,"column":7}},"line":7},"2":{"name":"(anonymous_2)","decl":{"start":{"line":12,"column":13},"end":{"line":12,"column":14}},"loc":{"start":{"line":12,"column":19},"end":{"line":14,"column":7}},"line":12},"3":{"name":"(anonymous_3)","decl":{"start":{"line":17,"column":12},"end":{"line":17,"column":13}},"loc":{"start":{"line":17,"column":21},"end":{"line":21,"column":7}},"line":17},"4":{"name":"(anonymous_4)","decl":{"start":{"line":22,"column":13},"end":{"line":22,"column":14}},"loc":{"start":{"line":22,"column":19},"end":{"line":24,"column":7}},"line":22}},"branchMap":{"0":{"loc":{"start":{"line":5,"column":2},"end":{"line":25,"column":3}},"type":"if","locations":[{"start":{"line":5,"column":2},"end":{"line":25,"column":3}},{"start":{"line":15,"column":9},"end":{"line":25,"column":3}}],"line":5}},"s":{"0":2,"1":0,"2":0,"3":0,"4":0,"5":0,"6":0,"7":0,"8":0,"9":0,"10":0,"11":0},"f":{"0":0,"1":0,"2":0,"3":0,"4":0},"b":{"0":[0,0]},"_coverageSchema":"1a1c01bbd47fc00a2c39e90264f33305004495a9","hash":"8e79e8eb46a86f8a70eae60a134450d3b9b24926"}
,"/Users/nellirossi/Documents/recipes/recipes-frontend/src/pages/recipe/Recipe.jsx": {"path":"/Users/nellirossi/Documents/recipes/recipes-frontend/src/pages/recipe/Recipe.jsx","statementMap":{"0":{"start":{"line":18,"column":15},"end":{"line":155,"column":1}},"1":{"start":{"line":20,"column":4},"end":{"line":20,"column":32}},"2":{"start":{"line":22,"column":14},"end":{"line":22,"column":29}},"3":{"start":{"line":23,"column":19},"end":{"line":23,"column":44}},"4":{"start":{"line":25,"column":16},"end":{"line":25,"column":37}},"5":{"start":{"line":26,"column":20},"end":{"line":26,"column":41}},"6":{"start":{"line":27,"column":19},"end":{"line":27,"column":40}},"7":{"start":{"line":29,"column":32},"end":{"line":29,"column":43}},"8":{"start":{"line":30,"column":24},"end":{"line":30,"column":36}},"9":{"start":{"line":31,"column":28},"end":{"line":31,"column":40}},"10":{"start":{"line":32,"column":26},"end":{"line":32,"column":38}},"11":{"start":{"line":33,"column":42},"end":{"line":33,"column":54}},"12":{"start":{"line":34,"column":30},"end":{"line":34,"column":42}},"13":{"start":{"line":35,"column":40},"end":{"line":35,"column":52}},"14":{"start":{"line":36,"column":30},"end":{"line":36,"column":42}},"15":{"start":{"line":37,"column":34},"end":{"line":37,"column":46}},"16":{"start":{"line":38,"column":32},"end":{"line":38,"column":44}},"17":{"start":{"line":39,"column":36},"end":{"line":39,"column":51}},"18":{"start":{"line":40,"column":28},"end":{"line":40,"column":43}},"19":{"start":{"line":41,"column":34},"end":{"line":41,"column":49}},"20":{"start":{"line":46,"column":2},"end":{"line":64,"column":9}},"21":{"start":{"line":47,"column":4},"end":{"line":63,"column":9}},"22":{"start":{"line":49,"column":8},"end":{"line":49,"column":26}},"23":{"start":{"line":50,"column":8},"end":{"line":50,"column":28}},"24":{"start":{"line":51,"column":8},"end":{"line":51,"column":29}},"25":{"start":{"line":52,"column":8},"end":{"line":52,"column":42}},"26":{"start":{"line":53,"column":8},"end":{"line":53,"column":33}},"27":{"start":{"line":54,"column":8},"end":{"line":54,"column":41}},"28":{"start":{"line":55,"column":8},"end":{"line":55,"column":29}},"29":{"start":{"line":56,"column":8},"end":{"line":56,"column":36}},"30":{"start":{"line":57,"column":8},"end":{"line":57,"column":28}},"31":{"start":{"line":58,"column":8},"end":{"line":58,"column":34}},"32":{"start":{"line":59,"column":8},"end":{"line":59,"column":22}},"33":{"start":{"line":62,"column":8},"end":{"line":62,"column":22}},"34":{"start":{"line":71,"column":14},"end":{"line":85,"column":3}},"35":{"start":{"line":72,"column":4},"end":{"line":78,"column":5}},"36":{"start":{"line":73,"column":6},"end":{"line":73,"column":24}},"37":{"start":{"line":74,"column":6},"end":{"line":76,"column":15}},"38":{"start":{"line":75,"column":8},"end":{"line":75,"column":27}},"39":{"start":{"line":77,"column":6},"end":{"line":77,"column":13}},"40":{"start":{"line":80,"column":4},"end":{"line":80,"column":23}},"41":{"start":{"line":81,"column":4},"end":{"line":81,"column":18}},"42":{"start":{"line":82,"column":4},"end":{"line":82,"column":112}},"43":{"start":{"line":82,"column":32},"end":{"line":82,"column":112}},"44":{"start":{"line":83,"column":4},"end":{"line":83,"column":106}},"45":{"start":{"line":83,"column":30},"end":{"line":83,"column":106}},"46":{"start":{"line":84,"column":4},"end":{"line":84,"column":112}},"47":{"start":{"line":84,"column":33},"end":{"line":84,"column":112}},"48":{"start":{"line":87,"column":2},"end":{"line":95,"column":3}},"49":{"start":{"line":88,"column":4},"end":{"line":94,"column":6}},"50":{"start":{"line":96,"column":2},"end":{"line":154,"column":4}},"51":{"start":{"line":159,"column":0},"end":{"line":162,"column":2}},"52":{"start":{"line":164,"column":0},"end":{"line":167,"column":2}}},"fnMap":{"0":{"name":"(anonymous_0)","decl":{"start":{"line":18,"column":15},"end":{"line":18,"column":16}},"loc":{"start":{"line":18,"column":38},"end":{"line":155,"column":1}},"line":18},"1":{"name":"getCurrentURL","decl":{"start":{"line":19,"column":11},"end":{"line":19,"column":24}},"loc":{"start":{"line":19,"column":27},"end":{"line":21,"column":3}},"line":19},"2":{"name":"(anonymous_2)","decl":{"start":{"line":46,"column":12},"end":{"line":46,"column":13}},"loc":{"start":{"line":46,"column":18},"end":{"line":64,"column":3}},"line":46},"3":{"name":"(anonymous_3)","decl":{"start":{"line":48,"column":12},"end":{"line":48,"column":13}},"loc":{"start":{"line":48,"column":21},"end":{"line":60,"column":7}},"line":48},"4":{"name":"(anonymous_4)","decl":{"start":{"line":61,"column":13},"end":{"line":61,"column":14}},"loc":{"start":{"line":61,"column":19},"end":{"line":63,"column":7}},"line":61},"5":{"name":"(anonymous_5)","decl":{"start":{"line":71,"column":14},"end":{"line":71,"column":15}},"loc":{"start":{"line":71,"column":37},"end":{"line":85,"column":3}},"line":71},"6":{"name":"(anonymous_6)","decl":{"start":{"line":74,"column":17},"end":{"line":74,"column":18}},"loc":{"start":{"line":74,"column":23},"end":{"line":76,"column":7}},"line":74}},"branchMap":{"0":{"loc":{"start":{"line":72,"column":4},"end":{"line":78,"column":5}},"type":"if","locations":[{"start":{"line":72,"column":4},"end":{"line":78,"column":5}},{"start":{},"end":{}}],"line":72},"1":{"loc":{"start":{"line":82,"column":4},"end":{"line":82,"column":112}},"type":"if","locations":[{"start":{"line":82,"column":4},"end":{"line":82,"column":112}},{"start":{},"end":{}}],"line":82},"2":{"loc":{"start":{"line":83,"column":4},"end":{"line":83,"column":106}},"type":"if","locations":[{"start":{"line":83,"column":4},"end":{"line":83,"column":106}},{"start":{},"end":{}}],"line":83},"3":{"loc":{"start":{"line":84,"column":4},"end":{"line":84,"column":112}},"type":"if","locations":[{"start":{"line":84,"column":4},"end":{"line":84,"column":112}},{"start":{},"end":{}}],"line":84},"4":{"loc":{"start":{"line":87,"column":2},"end":{"line":95,"column":3}},"type":"if","locations":[{"start":{"line":87,"column":2},"end":{"line":95,"column":3}},{"start":{},"end":{}}],"line":87},"5":{"loc":{"start":{"line":98,"column":8},"end":{"line":108,"column":9}},"type":"cond-expr","locations":[{"start":{"line":100,"column":10},"end":{"line":102,"column":16}},{"start":{"line":105,"column":10},"end":{"line":107,"column":16}}],"line":98},"6":{"loc":{"start":{"line":109,"column":8},"end":{"line":152,"column":9}},"type":"cond-expr","locations":[{"start":{"line":111,"column":10},"end":{"line":115,"column":16}},{"start":{"line":118,"column":10},"end":{"line":151,"column":16}}],"line":109}},"s":{"0":2,"1":20,"2":20,"3":20,"4":20,"5":20,"6":20,"7":20,"8":20,"9":20,"10":20,"11":20,"12":20,"13":20,"14":20,"15":20,"16":20,"17":20,"18":20,"19":20,"20":20,"21":7,"22":6,"23":6,"24":6,"25":6,"26":6,"27":6,"28":6,"29":6,"30":6,"31":6,"32":6,"33":1,"34":20,"35":0,"36":0,"37":0,"38":0,"39":0,"40":0,"41":0,"42":0,"43":0,"44":0,"45":0,"46":0,"47":0,"48":20,"49":1,"50":19,"51":2,"52":2},"f":{"0":20,"1":20,"2":7,"3":6,"4":1,"5":0,"6":0},"b":{"0":[0,0],"1":[0,0],"2":[0,0],"3":[0,0],"4":[1,19],"5":[7,12],"6":[7,12]},"_coverageSchema":"1a1c01bbd47fc00a2c39e90264f33305004495a9","hash":"16cadf89a7e00508a9ce912d337f558c44662d18"}
,"/Users/nellirossi/Documents/recipes/recipes-frontend/src/pages/recipe/RecipeButtons.jsx": {"path":"/Users/nellirossi/Documents/recipes/recipes-frontend/src/pages/recipe/RecipeButtons.jsx","statementMap":{"0":{"start":{"line":19,"column":22},"end":{"line":79,"column":1}},"1":{"start":{"line":22,"column":26},"end":{"line":22,"column":41}},"2":{"start":{"line":23,"column":2},"end":{"line":78,"column":4}},"3":{"start":{"line":34,"column":71},"end":{"line":34,"column":90}},"4":{"start":{"line":34,"column":91},"end":{"line":34,"column":106}},"5":{"start":{"line":34,"column":107},"end":{"line":34,"column":153}},"6":{"start":{"line":40,"column":108},"end":{"line":40,"column":122}},"7":{"start":{"line":45,"column":100},"end":{"line":45,"column":113}},"8":{"start":{"line":57,"column":81},"end":{"line":57,"column":103}},"9":{"start":{"line":67,"column":79},"end":{"line":67,"column":99}},"10":{"start":{"line":83,"column":0},"end":{"line":94,"column":2}},"11":{"start":{"line":96,"column":0},"end":{"line":107,"column":2}}},"fnMap":{"0":{"name":"(anonymous_0)","decl":{"start":{"line":19,"column":22},"end":{"line":19,"column":23}},"loc":{"start":{"line":21,"column":6},"end":{"line":79,"column":1}},"line":21},"1":{"name":"(anonymous_1)","decl":{"start":{"line":34,"column":62},"end":{"line":34,"column":63}},"loc":{"start":{"line":34,"column":69},"end":{"line":34,"column":155}},"line":34},"2":{"name":"(anonymous_2)","decl":{"start":{"line":40,"column":102},"end":{"line":40,"column":103}},"loc":{"start":{"line":40,"column":108},"end":{"line":40,"column":122}},"line":40},"3":{"name":"(anonymous_3)","decl":{"start":{"line":45,"column":94},"end":{"line":45,"column":95}},"loc":{"start":{"line":45,"column":100},"end":{"line":45,"column":113}},"line":45},"4":{"name":"(anonymous_4)","decl":{"start":{"line":57,"column":75},"end":{"line":57,"column":76}},"loc":{"start":{"line":57,"column":81},"end":{"line":57,"column":103}},"line":57},"5":{"name":"(anonymous_5)","decl":{"start":{"line":67,"column":73},"end":{"line":67,"column":74}},"loc":{"start":{"line":67,"column":79},"end":{"line":67,"column":99}},"line":67}},"branchMap":{"0":{"loc":{"start":{"line":25,"column":7},"end":{"line":29,"column":16}},"type":"cond-expr","locations":[{"start":{"line":26,"column":8},"end":{"line":28,"column":14}},{"start":{"line":29,"column":11},"end":{"line":29,"column":15}}],"line":25},"1":{"loc":{"start":{"line":35,"column":11},"end":{"line":54,"column":13}},"type":"cond-expr","locations":[{"start":{"line":37,"column":14},"end":{"line":41,"column":20}},{"start":{"line":44,"column":14},"end":{"line":53,"column":20}}],"line":35},"2":{"loc":{"start":{"line":46,"column":19},"end":{"line":46,"column":101}},"type":"cond-expr","locations":[{"start":{"line":46,"column":64},"end":{"line":46,"column":75}},{"start":{"line":46,"column":80},"end":{"line":46,"column":100}}],"line":46},"3":{"loc":{"start":{"line":46,"column":19},"end":{"line":46,"column":60}},"type":"binary-expr","locations":[{"start":{"line":46,"column":19},"end":{"line":46,"column":32}},{"start":{"line":46,"column":36},"end":{"line":46,"column":60}}],"line":46},"4":{"loc":{"start":{"line":51,"column":25},"end":{"line":51,"column":159}},"type":"cond-expr","locations":[{"start":{"line":51,"column":36},"end":{"line":51,"column":138}},{"start":{"line":51,"column":141},"end":{"line":51,"column":159}}],"line":51},"5":{"loc":{"start":{"line":58,"column":13},"end":{"line":58,"column":88}},"type":"cond-expr","locations":[{"start":{"line":58,"column":57},"end":{"line":58,"column":68}},{"start":{"line":58,"column":73},"end":{"line":58,"column":87}}],"line":58},"6":{"loc":{"start":{"line":58,"column":13},"end":{"line":58,"column":53}},"type":"binary-expr","locations":[{"start":{"line":58,"column":13},"end":{"line":58,"column":26}},{"start":{"line":58,"column":30},"end":{"line":58,"column":53}}],"line":58},"7":{"loc":{"start":{"line":63,"column":19},"end":{"line":63,"column":154}},"type":"cond-expr","locations":[{"start":{"line":63,"column":31},"end":{"line":63,"column":133}},{"start":{"line":63,"column":136},"end":{"line":63,"column":154}}],"line":63},"8":{"loc":{"start":{"line":68,"column":13},"end":{"line":68,"column":92}},"type":"cond-expr","locations":[{"start":{"line":68,"column":55},"end":{"line":68,"column":66}},{"start":{"line":68,"column":71},"end":{"line":68,"column":91}}],"line":68},"9":{"loc":{"start":{"line":68,"column":13},"end":{"line":68,"column":51}},"type":"binary-expr","locations":[{"start":{"line":68,"column":13},"end":{"line":68,"column":26}},{"start":{"line":68,"column":30},"end":{"line":68,"column":51}}],"line":68},"10":{"loc":{"start":{"line":73,"column":19},"end":{"line":73,"column":150}},"type":"cond-expr","locations":[{"start":{"line":73,"column":27},"end":{"line":73,"column":129}},{"start":{"line":73,"column":132},"end":{"line":73,"column":150}}],"line":73}},"s":{"0":1,"1":12,"2":12,"3":1,"4":1,"5":1,"6":1,"7":2,"8":1,"9":1,"10":1,"11":1},"f":{"0":12,"1":1,"2":1,"3":2,"4":1,"5":1},"b":{"0":[1,11],"1":[2,10],"2":[1,9],"3":[10,3],"4":[1,9],"5":[1,11],"6":[12,3],"7":[1,11],"8":[1,11],"9":[12,3],"10":[1,11]},"_coverageSchema":"1a1c01bbd47fc00a2c39e90264f33305004495a9","hash":"a702350640c5d27e41e588e08d08193e32991cfc"}
,"/Users/nellirossi/Documents/recipes/recipes-frontend/src/pages/recipe/recipeHooks.jsx": {"path":"/Users/nellirossi/Documents/recipes/recipes-frontend/src/pages/recipe/recipeHooks.jsx","statementMap":{"0":{"start":{"line":15,"column":22},"end":{"line":55,"column":1}},"1":{"start":{"line":17,"column":2},"end":{"line":54,"column":3}},"2":{"start":{"line":18,"column":4},"end":{"line":28,"column":9}},"3":{"start":{"line":20,"column":8},"end":{"line":20,"column":22}},"4":{"start":{"line":21,"column":8},"end":{"line":21,"column":26}},"5":{"start":{"line":24,"column":8},"end":{"line":24,"column":22}},"6":{"start":{"line":25,"column":8},"end":{"line":27,"column":17}},"7":{"start":{"line":26,"column":10},"end":{"line":26,"column":24}},"8":{"start":{"line":29,"column":9},"end":{"line":54,"column":3}},"9":{"start":{"line":30,"column":4},"end":{"line":40,"column":9}},"10":{"start":{"line":32,"column":8},"end":{"line":32,"column":22}},"11":{"start":{"line":33,"column":8},"end":{"line":33,"column":26}},"12":{"start":{"line":36,"column":8},"end":{"line":36,"column":22}},"13":{"start":{"line":37,"column":8},"end":{"line":39,"column":17}},"14":{"start":{"line":38,"column":10},"end":{"line":38,"column":24}},"15":{"start":{"line":41,"column":9},"end":{"line":54,"column":3}},"16":{"start":{"line":42,"column":4},"end":{"line":53,"column":9}},"17":{"start":{"line":44,"column":8},"end":{"line":44,"column":26}},"18":{"start":{"line":45,"column":8},"end":{"line":45,"column":22}},"19":{"start":{"line":46,"column":8},"end":{"line":46,"column":26}},"20":{"start":{"line":49,"column":8},"end":{"line":49,"column":22}},"21":{"start":{"line":50,"column":8},"end":{"line":52,"column":17}},"22":{"start":{"line":51,"column":10},"end":{"line":51,"column":24}}},"fnMap":{"0":{"name":"(anonymous_0)","decl":{"start":{"line":15,"column":22},"end":{"line":15,"column":23}},"loc":{"start":{"line":15,"column":93},"end":{"line":55,"column":1}},"line":15},"1":{"name":"(anonymous_1)","decl":{"start":{"line":19,"column":12},"end":{"line":19,"column":13}},"loc":{"start":{"line":19,"column":18},"end":{"line":22,"column":7}},"line":19},"2":{"name":"(anonymous_2)","decl":{"start":{"line":23,"column":13},"end":{"line":23,"column":14}},"loc":{"start":{"line":23,"column":19},"end":{"line":28,"column":7}},"line":23},"3":{"name":"(anonymous_3)","decl":{"start":{"line":25,"column":19},"end":{"line":25,"column":20}},"loc":{"start":{"line":25,"column":25},"end":{"line":27,"column":9}},"line":25},"4":{"name":"(anonymous_4)","decl":{"start":{"line":31,"column":12},"end":{"line":31,"column":13}},"loc":{"start":{"line":31,"column":18},"end":{"line":34,"column":7}},"line":31},"5":{"name":"(anonymous_5)","decl":{"start":{"line":35,"column":13},"end":{"line":35,"column":14}},"loc":{"start":{"line":35,"column":19},"end":{"line":40,"column":7}},"line":35},"6":{"name":"(anonymous_6)","decl":{"start":{"line":37,"column":19},"end":{"line":37,"column":20}},"loc":{"start":{"line":37,"column":25},"end":{"line":39,"column":9}},"line":37},"7":{"name":"(anonymous_7)","decl":{"start":{"line":43,"column":12},"end":{"line":43,"column":13}},"loc":{"start":{"line":43,"column":18},"end":{"line":47,"column":7}},"line":43},"8":{"name":"(anonymous_8)","decl":{"start":{"line":48,"column":13},"end":{"line":48,"column":14}},"loc":{"start":{"line":48,"column":19},"end":{"line":53,"column":7}},"line":48},"9":{"name":"(anonymous_9)","decl":{"start":{"line":50,"column":19},"end":{"line":50,"column":20}},"loc":{"start":{"line":50,"column":25},"end":{"line":52,"column":9}},"line":50}},"branchMap":{"0":{"loc":{"start":{"line":17,"column":2},"end":{"line":54,"column":3}},"type":"if","locations":[{"start":{"line":17,"column":2},"end":{"line":54,"column":3}},{"start":{"line":29,"column":9},"end":{"line":54,"column":3}}],"line":17},"1":{"loc":{"start":{"line":29,"column":9},"end":{"line":54,"column":3}},"type":"if","locations":[{"start":{"line":29,"column":9},"end":{"line":54,"column":3}},{"start":{"line":41,"column":9},"end":{"line":54,"column":3}}],"line":29},"2":{"loc":{"start":{"line":41,"column":9},"end":{"line":54,"column":3}},"type":"if","locations":[{"start":{"line":41,"column":9},"end":{"line":54,"column":3}},{"start":{},"end":{}}],"line":41}},"s":{"0":1,"1":0,"2":0,"3":0,"4":0,"5":0,"6":0,"7":0,"8":0,"9":0,"10":0,"11":0,"12":0,"13":0,"14":0,"15":0,"16":0,"17":0,"18":0,"19":0,"20":0,"21":0,"22":0},"f":{"0":0,"1":0,"2":0,"3":0,"4":0,"5":0,"6":0,"7":0,"8":0,"9":0},"b":{"0":[0,0],"1":[0,0],"2":[0,0]},"_coverageSchema":"1a1c01bbd47fc00a2c39e90264f33305004495a9","hash":"166140f2443a1dc53a5cc5fc05b1036c18c989eb"}
,"/Users/nellirossi/Documents/recipes/recipes-frontend/src/pages/search/Filters.jsx": {"path":"/Users/nellirossi/Documents/recipes/recipes-frontend/src/pages/search/Filters.jsx","statementMap":{"0":{"start":{"line":15,"column":16},"end":{"line":87,"column":1}},"1":{"start":{"line":18,"column":26},"end":{"line":18,"column":28}},"2":{"start":{"line":19,"column":26},"end":{"line":19,"column":41}},"3":{"start":{"line":21,"column":2},"end":{"line":31,"column":5}},"4":{"start":{"line":21,"column":27},"end":{"line":31,"column":3}},"5":{"start":{"line":27,"column":23},"end":{"line":27,"column":43}},"6":{"start":{"line":33,"column":2},"end":{"line":86,"column":4}},"7":{"start":{"line":39,"column":25},"end":{"line":39,"column":38}},"8":{"start":{"line":52,"column":27},"end":{"line":52,"column":41}},"9":{"start":{"line":70,"column":26},"end":{"line":70,"column":42}},"10":{"start":{"line":91,"column":0},"end":{"line":100,"column":2}},"11":{"start":{"line":102,"column":0},"end":{"line":111,"column":2}}},"fnMap":{"0":{"name":"(anonymous_0)","decl":{"start":{"line":15,"column":16},"end":{"line":15,"column":17}},"loc":{"start":{"line":17,"column":6},"end":{"line":87,"column":1}},"line":17},"1":{"name":"(anonymous_1)","decl":{"start":{"line":21,"column":15},"end":{"line":21,"column":16}},"loc":{"start":{"line":21,"column":27},"end":{"line":31,"column":3}},"line":21},"2":{"name":"(anonymous_2)","decl":{"start":{"line":27,"column":17},"end":{"line":27,"column":18}},"loc":{"start":{"line":27,"column":23},"end":{"line":27,"column":43}},"line":27},"3":{"name":"(anonymous_3)","decl":{"start":{"line":39,"column":19},"end":{"line":39,"column":20}},"loc":{"start":{"line":39,"column":25},"end":{"line":39,"column":38}},"line":39},"4":{"name":"(anonymous_4)","decl":{"start":{"line":52,"column":21},"end":{"line":52,"column":22}},"loc":{"start":{"line":52,"column":27},"end":{"line":52,"column":41}},"line":52},"5":{"name":"(anonymous_5)","decl":{"start":{"line":70,"column":19},"end":{"line":70,"column":20}},"loc":{"start":{"line":70,"column":26},"end":{"line":70,"column":42}},"line":70}},"branchMap":{"0":{"loc":{"start":{"line":35,"column":8},"end":{"line":43,"column":7}},"type":"cond-expr","locations":[{"start":{"line":35,"column":29},"end":{"line":35,"column":33}},{"start":{"line":36,"column":8},"end":{"line":42,"column":17}}],"line":35},"1":{"loc":{"start":{"line":46,"column":15},"end":{"line":46,"column":84}},"type":"cond-expr","locations":[{"start":{"line":46,"column":43},"end":{"line":46,"column":62}},{"start":{"line":46,"column":65},"end":{"line":46,"column":84}}],"line":46},"2":{"loc":{"start":{"line":46,"column":15},"end":{"line":46,"column":40}},"type":"binary-expr","locations":[{"start":{"line":46,"column":15},"end":{"line":46,"column":32}},{"start":{"line":46,"column":36},"end":{"line":46,"column":40}}],"line":46},"3":{"loc":{"start":{"line":48,"column":10},"end":{"line":56,"column":9}},"type":"cond-expr","locations":[{"start":{"line":48,"column":31},"end":{"line":48,"column":35}},{"start":{"line":49,"column":10},"end":{"line":55,"column":19}}],"line":48},"4":{"loc":{"start":{"line":72,"column":17},"end":{"line":72,"column":87}},"type":"cond-expr","locations":[{"start":{"line":72,"column":46},"end":{"line":72,"column":65}},{"start":{"line":72,"column":68},"end":{"line":72,"column":87}}],"line":72},"5":{"loc":{"start":{"line":80,"column":17},"end":{"line":80,"column":87}},"type":"cond-expr","locations":[{"start":{"line":80,"column":46},"end":{"line":80,"column":65}},{"start":{"line":80,"column":68},"end":{"line":80,"column":87}}],"line":80}},"s":{"0":4,"1":9,"2":9,"3":9,"4":7,"5":1,"6":9,"7":1,"8":1,"9":0,"10":4,"11":4},"f":{"0":9,"1":7,"2":1,"3":1,"4":1,"5":0},"b":{"0":[2,7],"1":[3,6],"2":[9,7],"3":[2,7],"4":[7,2],"5":[7,2]},"_coverageSchema":"1a1c01bbd47fc00a2c39e90264f33305004495a9","hash":"4343832037f8f48600b2d68a335ead5eb4eef344"}
,"/Users/nellirossi/Documents/recipes/recipes-frontend/src/pages/search/Results.jsx": {"path":"/Users/nellirossi/Documents/recipes/recipes-frontend/src/pages/search/Results.jsx","statementMap":{"0":{"start":{"line":16,"column":16},"end":{"line":38,"column":1}},"1":{"start":{"line":22,"column":2},"end":{"line":23,"column":82}},"2":{"start":{"line":22,"column":19},"end":{"line":22,"column":135}},"3":{"start":{"line":23,"column":7},"end":{"line":23,"column":82}},"4":{"start":{"line":25,"column":2},"end":{"line":26,"column":65}},"5":{"start":{"line":25,"column":21},"end":{"line":25,"column":41}},"6":{"start":{"line":26,"column":7},"end":{"line":26,"column":65}},"7":{"start":{"line":26,"column":26},"end":{"line":26,"column":65}},"8":{"start":{"line":28,"column":2},"end":{"line":37,"column":4}},"9":{"start":{"line":40,"column":0},"end":{"line":47,"column":2}},"10":{"start":{"line":49,"column":0},"end":{"line":56,"column":2}}},"fnMap":{"0":{"name":"(anonymous_0)","decl":{"start":{"line":16,"column":16},"end":{"line":16,"column":17}},"loc":{"start":{"line":18,"column":6},"end":{"line":38,"column":1}},"line":18}},"branchMap":{"0":{"loc":{"start":{"line":22,"column":2},"end":{"line":23,"column":82}},"type":"if","locations":[{"start":{"line":22,"column":2},"end":{"line":23,"column":82}},{"start":{"line":23,"column":7},"end":{"line":23,"column":82}}],"line":22},"1":{"loc":{"start":{"line":25,"column":2},"end":{"line":26,"column":65}},"type":"if","locations":[{"start":{"line":25,"column":2},"end":{"line":26,"column":65}},{"start":{"line":26,"column":7},"end":{"line":26,"column":65}}],"line":25},"2":{"loc":{"start":{"line":26,"column":7},"end":{"line":26,"column":65}},"type":"if","locations":[{"start":{"line":26,"column":7},"end":{"line":26,"column":65}},{"start":{},"end":{}}],"line":26}},"s":{"0":4,"1":5,"2":4,"3":1,"4":5,"5":1,"6":4,"7":1,"8":5,"9":4,"10":4},"f":{"0":5},"b":{"0":[4,1],"1":[1,4],"2":[1,3]},"_coverageSchema":"1a1c01bbd47fc00a2c39e90264f33305004495a9","hash":"2d846fa828da6c7d54b582cfb9f5de9da1da4935"}
,"/Users/nellirossi/Documents/recipes/recipes-frontend/src/pages/search/Search.jsx": {"path":"/Users/nellirossi/Documents/recipes/recipes-frontend/src/pages/search/Search.jsx","statementMap":{"0":{"start":{"line":18,"column":15},"end":{"line":221,"column":1}},"1":{"start":{"line":19,"column":20},"end":{"line":19,"column":41}},"2":{"start":{"line":20,"column":16},"end":{"line":20,"column":37}},"3":{"start":{"line":22,"column":28},"end":{"line":22,"column":40}},"4":{"start":{"line":23,"column":40},"end":{"line":23,"column":55}},"5":{"start":{"line":24,"column":32},"end":{"line":24,"column":43}},"6":{"start":{"line":25,"column":32},"end":{"line":25,"column":44}},"7":{"start":{"line":26,"column":30},"end":{"line":26,"column":42}},"8":{"start":{"line":27,"column":32},"end":{"line":27,"column":69}},"9":{"start":{"line":28,"column":40},"end":{"line":28,"column":67}},"10":{"start":{"line":29,"column":17},"end":{"line":29,"column":38}},"11":{"start":{"line":30,"column":15},"end":{"line":30,"column":24}},"12":{"start":{"line":32,"column":2},"end":{"line":32,"column":77}},"13":{"start":{"line":32,"column":42},"end":{"line":32,"column":75}},"14":{"start":{"line":37,"column":2},"end":{"line":47,"column":9}},"15":{"start":{"line":38,"column":4},"end":{"line":46,"column":9}},"16":{"start":{"line":40,"column":8},"end":{"line":40,"column":30}},"17":{"start":{"line":41,"column":8},"end":{"line":41,"column":40}},"18":{"start":{"line":42,"column":8},"end":{"line":42,"column":22}},"19":{"start":{"line":45,"column":8},"end":{"line":45,"column":22}},"20":{"start":{"line":53,"column":22},"end":{"line":55,"column":3}},"21":{"start":{"line":54,"column":4},"end":{"line":54,"column":38}},"22":{"start":{"line":61,"column":24},"end":{"line":85,"column":3}},"23":{"start":{"line":62,"column":4},"end":{"line":62,"column":18}},"24":{"start":{"line":63,"column":4},"end":{"line":63,"column":23}},"25":{"start":{"line":65,"column":18},"end":{"line":65,"column":44}},"26":{"start":{"line":67,"column":4},"end":{"line":67,"column":21}},"27":{"start":{"line":68,"column":4},"end":{"line":68,"column":21}},"28":{"start":{"line":70,"column":4},"end":
[...]
tart":{"line":88,"column":4},"end":{"line":98,"column":9}},"45":{"start":{"line":90,"column":8},"end":{"line":90,"column":22}},"46":{"start":{"line":91,"column":8},"end":{"line":91,"column":28}},"47":{"start":{"line":94,"column":8},"end":{"line":94,"column":22}},"48":{"start":{"line":95,"column":8},"end":{"line":97,"column":17}},"49":{"start":{"line":96,"column":10},"end":{"line":96,"column":24}},"50":{"start":{"line":104,"column":23},"end":{"line":116,"column":3}},"51":{"start":{"line":105,"column":4},"end":{"line":115,"column":9}},"52":{"start":{"line":107,"column":8},"end":{"line":107,"column":22}},"53":{"start":{"line":108,"column":8},"end":{"line":108,"column":23}},"54":{"start":{"line":111,"column":8},"end":{"line":111,"column":22}},"55":{"start":{"line":112,"column":8},"end":{"line":114,"column":17}},"56":{"start":{"line":113,"column":10},"end":{"line":113,"column":24}},"57":{"start":{"line":118,"column":2},"end":{"line":124,"column":3}},"58":{"start":{"line":119,"column":4},"end":{"line":123,"column":6}},"59":{"start":{"line":126,"column":2},"end":{"line":197,"column":4}},"60":{"start":{"line":171,"column":93},"end":{"line":171,"column":107}},"61":{"start":{"line":174,"column":94},"end":{"line":174,"column":107}},"62":{"start":{"line":175,"column":91},"end":{"line":175,"column":108}},"63":{"start":{"line":202,"column":0},"end":{"line":205,"column":2}},"64":{"start":{"line":207,"column":0},"end":{"line":210,"column":2}}},"fnMap":{"0":{"name":"(anonymous_0)","decl":{"start":{"line":19,"column":14},"end":{"line":19,"column":15}},"loc":{"start":{"line":19,"column":37},"end":{"line":198,"column":1}},"line":19},"1":{"name":"(anonymous_1)","decl":{"start":{"line":46,"column":12},"end":{"line":46,"column":13}},"loc":{"start":{"line":46,"column":18},"end":{"line":65,"column":3}},"line":46},"2":{"name":"(anonymous_2)","decl":{"start":{"line":48,"column":12},"end":{"line":48,"column":13}},"loc":{"start":{"line":48,"column":21},"end":{"line":61,"column":7}},"line":48},"3":{"name":"(anonymous_3)","decl":{"start":{"line":62,"column":13},"end":{"line":62,"column":14}},"loc":{"start":{"line":62,"column":19},"end":{"line":64,"column":7}},"line":62},"4":{"name":"(anonymous_4)","decl":{"start":{"line":70,"column":22},"end":{"line":70,"column":23}},"loc":{"start":{"line":70,"column":28},"end":{"line":82,"column":3}},"line":70},"5":{"name":"(anonymous_5)","decl":{"start":{"line":72,"column":12},"end":{"line":72,"column":13}},"loc":{"start":{"line":72,"column":18},"end":{"line":75,"column":7}},"line":72},"6":{"name":"(anonymous_6)","decl":{"start":{"line":76,"column":13},"end":{"line":76,"column":14}},"loc":{"start":{"line":76,"column":19},"end":{"line":81,"column":7}},"line":76},"7":{"name":"(anonymous_7)","decl":{"start":{"line":78,"column":19},"end":{"line":78,"column":20}},"loc":{"start":{"line":78,"column":25},"end":{"line":80,"column":9}},"line":78},"8":{"name":"(anonymous_8)","decl":{"start":{"line":87,"column":26},"end":{"line":87,"column":27}},"loc":{"start":{"line":87,"column":32},"end":{"line":99,"column":3}},"line":87},"9":{"name":"(anonymous_9)","decl":{"start":{"line":89,"column":12},"end":{"line":89,"column":13}},"loc":{"start":{"line":89,"column":18},"end":{"line":92,"column":7}},"line":89},"10":{"name":"(anonymous_10)","decl":{"start":{"line":93,"column":13},"end":{"line":93,"column":14}},"loc":{"start":{"line":93,"column":19},"end":{"line":98,"column":7}},"line":93},"11":{"name":"(anonymous_11)","decl":{"start":{"line":95,"column":19},"end":{"line":95,"column":20}},"loc":{"start":{"line":95,"column":25},"end":{"line":97,"column":9}},"line":95},"12":{"name":"(anonymous_12)","decl":{"start":{"line":104,"column":23},"end":{"line":104,"column":24}},"loc":{"start":{"line":104,"column":29},"end":{"line":116,"column":3}},"line":104},"13":{"name":"(anonymous_13)","decl":{"start":{"line":106,"column":12},"end":{"line":106,"column":13}},"loc":{"start":{"line":106,"column":18},"end":{"line":109,"column":7}},"line":106},"14":{"name":"(anonymous_14)","decl":{"start":{"line":110,"column":13},"end":{"line":110,"column":14}},"loc":{"start":{"line":110,"column":19},"end":{"line":115,"column":7}},"line":110},"15":{"name":"(anonymous_15)","decl":{"start":{"line":112,"column":19},"end":{"line":112,"column":20}},"loc":{"start":{"line":112,"column":25},"end":{"line":114,"column":9}},"line":112},"16":{"name":"(anonymous_16)","decl":{"start":{"line":171,"column":87},"end":{"line":171,"column":88}},"loc":{"start":{"line":171,"column":93},"end":{"line":171,"column":107}},"line":171},"17":{"name":"(anonymous_17)","decl":{"start":{"line":174,"column":88},"end":{"line":174,"column":89}},"loc":{"start":{"line":174,"column":94},"end":{"line":174,"column":107}},"line":174},"18":{"name":"(anonymous_18)","decl":{"start":{"line":175,"column":85},"end":{"line":175,"column":86}},"loc":{"start":{"line":175,"column":91},"end":{"line":175,"column":108}},"line":175}},"branchMap":{"0":{"loc":{"start":{"line":118,"column":2},"end":{"line":124,"column":3}},"type":"if","locations":[{"start":{"line":118,"column":2},"end":{"line":124,"column":3}},{"start":{},"end":{}}],"line":118},"1":{"loc":{"start":{"line":128,"column":8},"end":{"line":140,"column":9}},"type":"cond-expr","locations":[{"start":{"line":130,"column":10},"end":{"line":132,"column":16}},{"start":{"line":135,"column":10},"end":{"line":139,"column":16}}],"line":128},"2":{"loc":{"start":{"line":136,"column":13},"end":{"line":138,"column":87}},"type":"cond-expr","locations":[{"start":{"line":137,"column":16},"end":{"line":137,"column":20}},{"start":{"line":138,"column":16},"end":{"line":138,"column":87}}],"line":136},"3":{"loc":{"start":{"line":141,"column":8},"end":{"line":195,"column":9}},"type":"cond-expr","locations":[{"start":{"line":143,"column":10},"end":{"line":145,"column":16}},{"start":{"line":148,"column":10},"end":{"line":194,"column":13}}],"line":141},"4":{"loc":{"start":{"line":153,"column":13},"end":{"line":193,"column":15}},"type":"cond-expr","locations":[{"start":{"line":154,"column":16},"end":{"line":154,"column":47}},{"start":{"line":156,"column":16},"end":{"line":192,"column":19}}],"line":153},"5":{"loc":{"start":{"line":170,"column":21},"end":{"line":172,"column":31}},"type":"cond-expr","locations":[{"start":{"line":171,"column":24},"end":{"line":171,"column":140}},{"start":{"line":172,"column":24},"end":{"line":172,"column":31}}],"line":170},"6":{"loc":{"start":{"line":173,"column":21},"end":{"line":175,"column":151}},"type":"cond-expr","locations":[{"start":{"line":174,"column":24},"end":{"line":174,"column":148}},{"start":{"line":175,"column":24},"end":{"line":175,"column":151}}],"line":173},"7":{"loc":{"start":{"line":177,"column":20},"end":{"line":183,"column":26}},"type":"cond-expr","locations":[{"start":{"line":179,"column":22},"end":{"line":181,"column":28}},{"start":{"line":183,"column":22},"end":{"line":183,"column":26}}],"line":177}},"s":{"0":1,"1":28,"2":28,"3":28,"4":28,"5":28,"6":28,"7":28,"8":28,"9":28,"10":28,"11":28,"12":28,"13":28,"14":28,"15":28,"16":28,"17":28,"18":28,"19":28,"20":28,"21":28,"22":10,"23":9,"24":9,"25":9,"26":9,"27":9,"28":9,"29":9,"30":9,"31":9,"32":9,"33":9,"34":9,"35":1,"36":28,"37":0,"38":0,"39":0,"40":0,"41":0,"42":0,"43":28,"44":0,"45":0,"46":0,"47":0,"48":0,"49":0,"50":28,"51":0,"52":0,"53":0,"54":0,"55":0,"56":0,"57":28,"58":1,"59":27,"60":0,"61":0,"62":0,"63":1,"64":1},"f":{"0":28,"1":10,"2":9,"3":1,"4":0,"5":0,"6":0,"7":0,"8":0,"9":0,"10":0,"11":0,"12":0,"13":0,"14":0,"15":0,"16":0,"17":0,"18":0},"b":{"0":[1,27],"1":[10,17],"2":[1,16],"3":[10,17],"4":[1,16],"5":[16,0],"6":[16,0],"7":[0,16]},"_coverageSchema":"1a1c01bbd47fc00a2c39e90264f33305004495a9","hash":"355f90cc1d3f484beb603ed68da93817da77ded8"}
,"/Users/nellirossi/Documents/recipes/recipes-frontend/src/services/personalService.jsx": {"path":"/Users/nellirossi/Documents/recipes/recipes-frontend/src/services/personalService.jsx","statementMap":{"0":{"start":{"line":4,"column":20},"end":{"line":10,"column":1}},"1":{"start":{"line":5,"column":2},"end":{"line":9,"column":4}},"2":{"start":{"line":6,"column":4},"end":{"line":8,"column":13}},"3":{"start":{"line":7,"column":6},"end":{"line":7,"column":24}}},"fnMap":{"0":{"name":"(anonymous_0)","decl":{"start":{"line":4,"column":20},"end":{"line":4,"column":21}},"loc":{"start":{"line":5,"column":2},"end":{"line":9,"column":4}},"line":5},"1":{"name":"(anonymous_1)","decl":{"start":{"line":5,"column":14},"end":{"line":5,"column":15}},"loc":{"start":{"line":5,"column":35},"end":{"line":9,"column":3}},"line":5},"2":{"name":"(anonymous_2)","decl":{"start":{"line":6,"column":15},"end":{"line":6,"column":16}},"loc":{"start":{"line":6,"column":21},"end":{"line":8,"column":5}},"line":6}},"branchMap":{},"s":{"0":2,"1":0,"2":0,"3":0},"f":{"0":0,"1":0,"2":0},"b":{},"_coverageSchema":"1a1c01bbd47fc00a2c39e90264f33305004495a9","hash":"72cdbbd2884e77f283d8c920d024f6ea515f6b0e"}
,"/Users/nellirossi/Documents/recipes/recipes-frontend/src/services/recipeService.jsx": {"path":"/Users/nellirossi/Documents/recipes/recipes-frontend/src/services/recipeService.jsx","statementMap":{"0":{"start":{"line":6,"column":18},"end":{"line":9,"column":1}},"1":{"start":{"line":7,"column":14},"end":{"line":7,"column":81}},"2":{"start":{"line":8,"column":2},"end":{"line":8,"column":18}},"3":{"start":{"line":11,"column":24},"end":{"line":17,"column":1}},"4":{"start":{"line":12,"column":2},"end":{"line":16,"column":4}},"5":{"start":{"line":13,"column":4},"end":{"line":15,"column":13}},"6":{"start":{"line":14,"column":6},"end":{"line":14,"column":23}},"7":{"start":{"line":19,"column":21},"end":{"line":25,"column":1}},"8":{"start":{"line":20,"column":2},"end":{"line":24,"column":4}},"9":{"start":{"line":21,"column":4},"end":{"line":23,"column":13}},"10":{"start":{"line":22,"column":6},"end":{"line":22,"column":16}},"11":{"start":{"line":27,"column":22},"end":{"line":33,"column":1}},"12":{"start":{"line":28,"column":2},"end":{"line":32,"column":4}},"13":{"start":{"line":29,"column":4},"end":{"line":31,"column":13}},"14":{"start":{"line":30,"column":6},"end":{"line":30,"column":16}},"15":{"start":{"line":35,"column":24},"end":{"line":41,"column":1}},"16":{"start":{"line":36,"column":2},"end":{"line":40,"column":4}},"17":{"start":{"line":37,"column":4},"end":{"line":39,"column":13}},"18":{"start":{"line":38,"column":6},"end":{"line":38,"column":16}},"19":{"start":{"line":43,"column":20},"end":{"line":49,"column":1}},"20":{"start":{"line":44,"column":2},"end":{"line":48,"column":4}},"21":{"start":{"line":45,"column":4},"end":{"line":47,"column":13}},"22":{"start":{"line":46,"column":6},"end":{"line":46,"column":16}},"23":{"start":{"line":51,"column":21},"end":{"line":57,"column":1}},"24":{"start":{"line":52,"column":2},"end":{"line":56,"column":4}},"25":{"start":{"line":53,"column":4},"end":{"line":55,"column":13}},"26":{"start":{"line":54,"column":6},"end":{"line":54,"column":16}},"27":{"start":{"line":59,"column":21},"end":{"line":65,"column":1}},"28":{"start":{"line":60,"column":2},"end":{"line":64,"column":4}},"29":{"start":{"line":61,"column":4},"end":{"line":63,"column":13}},"30":{"start":{"line":62,"column":6},"end":{"line":62,"column":24}},"31":{"start":{"line":69,"column":19},"end":{"line":75,"column":1}},"32":{"start":{"line":70,"column":2},"end":{"line":74,"column":4}},"33":{"start":{"line":71,"column":4},"end":{"line":73,"column":13}},"34":{"start":{"line":72,"column":6},"end":{"line":72,"column":26}}},"fnMap":{"0":{"name":"(anonymous_0)","decl":{"start":{"line":6,"column":18},"end":{"line":6,"column":19}},"loc":{"start":{"line":6,"column":32},"end":{"line":9,"column":1}},"line":6},"1":{"name":"(anonymous_1)","decl":{"start":{"line":11,"column":24},"end":{"line":11,"column":25}},"loc":{"start":{"line":12,"column":2},"end":{"line":16,"column":4}},"line":12},"2":{"name":"(anonymous_2)","decl":{"start":{"line":12,"column":14},"end":{"line":12,"column":15}},"loc":{"start":{"line":12,"column":27},"end":{"line":16,"column":3}},"line":12},"3":{"name":"(anonymous_3)","decl":{"start":{"line":13,"column":15},"end":{"line":13,"column":16}},"loc":{"start":{"line":13,"column":21},"end":{"line":15,"column":5}},"line":13},"4":{"name":"(anonymous_4)","decl":{"start":{"line":19,"column":21},"end":{"line":19,"column":22}},"loc":{"start":{"line":20,"column":2},"end":{"line":24,"column":4}},"line":20},"5":{"name":"(anonymous_5)","decl":{"start":{"line":20,"column":14},"end":{"line":20,"column":15}},"loc":{"start":{"line":20,"column":27},"end":{"line":24,"column":3}},"line":20},"6":{"name":"(anonymous_6)","decl":{"start":{"line":21,"column":15},"end":{"line":21,"column":16}},"loc":{"start":{"line":21,"column":21},"end":{"line":23,"column":5}},"line":21},"7":{"name":"(anonymous_7)","decl":{"start":{"line":27,"column":22},"end":{"line":27,"column":23}},"loc":{"start":{"line":28,"column":2},"end":{"line":32,"column":4}},"line":28},"8":{"name":"(anonymous_8)","decl":{"start":{"line":28,"column":14},"end":{"line":28,"column":15}},"loc":{"start":{"line":28,"column":27},"end":{"line":32,"column":3}},"line":28},"9":{"name":"(anonymous_9)","decl":{"start":{"line":29,"column":15},"end":{"line":29,"column":16}},"loc":{"start":{"line":29,"column":21},"end":{"line":31,"column":5}},"line":29},"10":{"name":"(anonymous_10)","decl":{"start":{"line":35,"column":24},"end":{"line":35,"column":25}},"loc":{"start":{"line":36,"column":2},"end":{"line":40,"column":4}},"line":36},"11":{"name":"(anonymous_11)","decl":{"start":{"line":36,"column":14},"end":{"line":36,"column":15}},"loc":{"start":{"line":36,"column":27},"end":{"line":40,"column":3}},"line":36},"12":{"name":"(anonymous_12)","decl":{"start":{"line":37,"column":15},"end":{"line":37,"column":16}},"loc":{"start":{"line":37,"column":21},"end":{"line":39,"column":5}},"line":37},"13":{"name":"(anonymous_13)","decl":{"start":{"line":43,"column":20},"end":{"line":43,"column":21}},"loc":{"start":{"line":44,"column":2},"end":{"line":48,"column":4}},"line":44},"14":{"name":"(anonymous_14)","decl":{"start":{"line":44,"column":14},"end":{"line":44,"column":15}},"loc":{"start":{"line":44,"column":27},"end":{"line":48,"column":3}},"line":44},"15":{"name":"(anonymous_15)","decl":{"start":{"line":45,"column":15},"end":{"line":45,"column":16}},"loc":{"start":{"line":45,"column":21},"end":{"line":47,"column":5}},"line":45},"16":{"name":"(anonymous_16)","decl":{"start":{"line":51,"column":21},"end":{"line":51,"column":22}},"loc":{"start":{"line":52,"column":2},"end":{"line":56,"column":4}},"line":52},"17":{"name":"(anonymous_17)","decl":{"start":{"line":52,"column":14},"end":{"line":52,"column":15}},"loc":{"start":{"line":52,"column":35},"end":{"line":56,"column":3}},"line":52},"18":{"name":"(anonymous_18)","decl":{"start":{"line":53,"column":15},"end":{"line":53,"column":16}},"loc":{"start":{"line":53,"column":21},"end":{"line":55,"column":5}},"line":53},"19":{"name":"(anonymous_19)","decl":{"start":{"line":59,"column":21},"end":{"line":59,"column":22}},"loc":{"start":{"line":60,"column":2},"end":{"line":64,"column":4}},"line":60},"20":{"name":"(anonymous_20)","decl":{"start":{"line":60,"column":14},"end":{"line":60,"column":15}},"loc":{"start":{"line":60,"column":27},"end":{"line":64,"column":3}},"line":60},"21":{"name":"(anonymous_21)","decl":{"start":{"line":61,"column":15},"end":{"line":61,"column":16}},"loc":{"start":{"line":61,"column":21},"end":{"line":63,"column":5}},"line":61},"22":{"name":"(anonymous_22)","decl":{"start":{"line":69,"column":19},"end":{"line":69,"column":20}},"loc":{"start":{"line":70,"column":2},"end":{"line":74,"column":4}},"line":70},"23":{"name":"(anonymous_23)","decl":{"start":{"line":70,"column":14},"end":{"line":70,"column":15}},"loc":{"start":{"line":70,"column":27},"end":{"line":74,"column":3}},"line":70},"24":{"name":"(anonymous_24)","decl":{"start":{"line":71,"column":15},"end":{"line":71,"column":16}},"loc":{"start":{"line":71,"column":21},"end":{"line":73,"column":5}},"line":71}},"branchMap":{},"s":{"0":3,"1":0,"2":0,"3":3,"4":0,"5":0,"6":0,"7":3,"8":0,"9":0,"10":0,"11":3,"12":0,"13":0,"14":0,"15":3,"16":0,"17":0,"18":0,"19":3,"20":0,"21":0,"22":0,"23":3,"24":0,"25":0,"26":0,"27":3,"28":0,"29":0,"30":0,"31":3,"32":0,"33":0,"34":0},"f":{"0":0,"1":0,"2":0,"3":0,"4":0,"5":0,"6":0,"7":0,"8":0,"9":0,"10":0,"11":0,"12":0,"13":0,"14":0,"15":0,"16":0,"17":0,"18":0,"19":0,"20":0,"21":0,"22":0,"23":0,"24":0},"b":{},"_coverageSchema":"1a1c01bbd47fc00a2c39e90264f33305004495a9","hash":"006605586ed1776af72310eba103e91a0234cbbd"}
,"/Users/nellirossi/Documents/recipes/recipes-frontend/src/services/searchService.jsx": {"path":"/Users/nellirossi/Documents/recipes/recipes-frontend/src/services/searchService.jsx","statementMap":{"0":{"start":{"line":8,"column":23},"end":{"line":11,"column":1}},"1":{"start":{"line":9,"column":14},"end":{"line":9,"column":76}},"2":{"start":{"line":10,"column":2},"end":{"line":10,"column":18}},"3":{"start":{"line":15,"column":18},"end":{"line":18,"column":1}},"4":{"start":{"line":16,"column":14},"end":{"line":16,"column":247}},"5":{"start":{"line":17,"column":2},"end":{"line":17,"column":18}}},"fnMap":{"0":{"name":"(anonymous_0)","decl":{"start":{"line":8,"column":23},"end":{"line":8,"column":24}},"loc":{"start":{"line":8,"column":44},"end":{"line":11,"column":1}},"line":8},"1":{"name":"(anonymous_1)","decl":{"start":{"line":15,"column":18},"end":{"line":15,"column":19}},"loc":{"start":{"line":15,"column":118},"end":{"line":18,"column":1}},"line":15}},"branchMap":{},"s":{"0":3,"1":0,"2":0,"3":3,"4":0,"5":0},"f":{"0":0,"1":0},"b":{},"_coverageSchema":"1a1c01bbd47fc00a2c39e90264f33305004495a9","hash":"7141b932bba38a82f8a4534535e3697714519ee5"}
,"/Users/nellirossi/Documents/recipes/recipes-frontend/src/tests/testHelpers.jsx": {"path":"/Users/nellirossi/Documents/recipes/recipes-frontend/src/tests/testHelpers.jsx","statementMap":{"0":{"start":{"line":12,"column":27},"end":{"line":20,"column":1}},"1":{"start":{"line":13,"column":18},"end":{"line":13,"column":48}},"2":{"start":{"line":13,"column":25},"end":{"line":13,"column":48}},"3":{"start":{"line":14,"column":22},"end":{"line":14,"column":35}},"4":{"start":{"line":15,"column":31},"end":{"line":17,"column":3}},"5":{"start":{"line":16,"column":15},"end":{"line":16,"column":30}},"6":{"start":{"line":19,"column":2},"end":{"line":19,"column":45}},"7":{"start":{"line":26,"column":26},"end":{"line":35,"column":1}},"8":{"start":{"line":27,"column":18},"end":{"line":30,"column":3}},"9":{"start":{"line":31,"column":16},"end":{"line":31,"column":47}},"10":{"start":{"line":32,"column":2},"end":{"line":32,"column":26}},"11":{"start":{"line":33,"column":2},"end":{"line":33,"column":28}},"12":{"start":{"line":34,"column":2},"end":{"line":34,"column":36}}},"fnMap":{"0":{"name":"(anonymous_0)","decl":{"start":{"line":12,"column":27},"end":{"line":12,"column":28}},"loc":{"start":{"line":12,"column":44},"end":{"line":20,"column":1}},"line":12},"1":{"name":"(anonymous_1)","decl":{"start":{"line":13,"column":18},"end":{"line":13,"column":19}},"loc":{"start":{"line":13,"column":25},"end":{"line":13,"column":48}},"line":13},"2":{"name":"(anonymous_2)","decl":{"start":{"line":16,"column":4},"end":{"line":16,"column":5}},"loc":{"start":{"line":16,"column":15},"end":{"line":16,"column":30}},"line":16},"3":{"name":"(anonymous_3)","decl":{"start":{"line":26,"column":26},"end":{"line":26,"column":27}},"loc":{"start":{"line":26,"column":41},"end":{"line":35,"column":1}},"line":26}},"branchMap":{"0":{"loc":{"start":{"line":19,"column":9},"end":{"line":19,"column":44}},"type":"binary-expr","locations":[{"start":{"line":19,"column":9},"end":{"line":19,"column":20}},{"start":{"line":19,"column":24},"end":{"line":19,"column":44}}],"line":19}},"s":{"0":7,"1":411,"2":800,"3":411,"4":411,"5":389,"6":411,"7":7,"8":0,"9":0,"10":0,"11":0,"12":0},"f":{"0":411,"1":800,"2":389,"3":0},"b":{"0":[411,10]},"_coverageSchema":"1a1c01bbd47fc00a2c39e90264f33305004495a9","hash":"03275b63ca86902441fca92aae94c52c98e419f6"}
}
