TN:
SF:src/components/Calendar.jsx
FN:17,(anonymous_0)
FNF:1
FNH:1
FNDA:2,(anonymous_0)
DA:17,1
DA:28,2
DA:62,1
DA:74,1
LF:4
LH:4
BRF:0
BRH:0
end_of_record
TN:
SF:src/components/Filter.jsx
FN:14,(anonymous_0)
FN:19,(anonymous_1)
FN:20,(anonymous_2)
FN:28,(anonymous_3)
FN:28,(anonymous_4)
FNF:5
FNH:5
FNDA:4,(anonymous_0)
FNDA:8,(anonymous_1)
FNDA:1,(anonymous_2)
FNDA:1,(anonymous_3)
FNDA:1,(anonymous_4)
DA:14,1
DA:17,4
DA:18,4
DA:19,8
DA:20,1
DA:23,4
DA:28,1
DA:56,1
DA:64,1
LF:9
LH:9
BRDA:28,0,0,1
BRDA:28,0,1,3
BRDA:30,1,0,3
BRDA:30,1,1,1
BRDA:30,2,0,4
BRDA:30,2,1,3
BRDA:44,3,0,1
BRDA:44,3,1,3
BRDA:45,4,0,1
BRDA:45,4,1,3
BRF:10
BRH:10
end_of_record
TN:
SF:src/components/Footer.jsx
FN:10,(anonymous_0)
FNF:1
FNH:1
FNDA:1,(anonymous_0)
DA:10,2
DA:11,1
DA:35,2
DA:40,2
LF:4
LH:4
BRF:0
BRH:0
end_of_record
TN:
SF:src/components/Header.jsx
FN:13,(anonymous_0)
FN:22,(anonymous_1)
FN:31,(anonymous_2)
FN:34,(anonymous_3)
FN:47,(anonymous_4)
FNF:5
FNH:5
FNDA:10,(anonymous_0)
FNDA:1,(anonymous_1)
FNDA:3,(anonymous_2)
FNDA:1,(anonymous_3)
FNDA:1,(anonymous_4)
DA:13,1
DA:16,10
DA:17,10
DA:22,10
DA:23,1
DA:24,1
DA:25,1
DA:31,10
DA:32,3
DA:34,1
DA:47,1
DA:52,10
DA:74,1
DA:81,1
LF:14
LH:14
BRDA:37,0,0,2
BRDA:37,0,1,1
BRDA:40,1,0,2
BRDA:40,1,1,1
BRDA:43,2,0,2
BRDA:43,2,1,1
BRDA:46,3,0,2
BRDA:46,3,1,1
BRDA:65,4,0,6
BRDA:65,4,1,4
BRF:10
BRH:10
end_of_record
TN:
SF:src/components/ImageList.jsx
FN:12,(anonymous_0)
FN:15,(anonymous_1)
FNF:2
FNH:2
FNDA:1,(anonymous_0)
FNDA:12,(anonymous_1)
DA:12,1
DA:13,1
DA:15,12
DA:25,1
DA:34,1
DA:40,1
LF:6
LH:6
BRF:0
BRH:0
end_of_record
TN:
SF:src/components/ImageListItem.jsx
FN:15,(anonymous_0)
FN:27,(anonymous_1)
FN:60,(anonymous_2)
FN:74,(anonymous_3)
FNF:4
FNH:4
FNDA:16,(anonymous_0)
FNDA:10,(anonymous_1)
FNDA:5,(anonymous_2)
FNDA:5,(anonymous_3)
DA:15,1
DA:18,16
DA:19,16
DA:20,16
DA:27,16
DA:28,10
DA:29,5
DA:31,5
DA:33,1
DA:34,4
DA:37,1
DA:38,3
DA:41,1
DA:42,2
DA:43,1
DA:44,1
DA:45,1
DA:46,5
DA:48,5
DA:49,5
DA:52,16
DA:60,5
DA:74,5
DA:89,1
DA:98,1
LF:25
LH:25
BRDA:28,0,0,5
BRDA:28,0,1,5
BRDA:31,1,0,1
BRDA:31,1,1,4
BRDA:32,2,0,5
BRDA:32,2,1,1
BRDA:34,3,0,1
BRDA:34,3,1,3
BRDA:35,4,0,4
BRDA:35,4,1,2
BRDA:35,4,2,2
BRDA:38,5,0,1
BRDA:38,5,1,2
BRDA:39,6,0,3
BRDA:39,6,1,2
BRDA:39,6,2,1
BRDA:42,7,0,1
BRDA:42,7,1,1
BRDA:56,8,0,5
BRDA:56,8,1,11
BRDA:69,9,0,5
BRDA:69,9,1,11
BRF:22
BRH:22
end_of_record
TN:
SF:src/components/Ingredients.jsx
FN:11,(anonymous_0)
FN:15,(anonymous_1)
FNF:2
FNH:2
FNDA:1,(anonymous_0)
FNDA:4,(anonymous_1)
DA:11,1
DA:14,1
DA:15,4
DA:25,1
DA:39,1
DA:45,1
LF:6
LH:6
BRF:0
BRH:0
end_of_record
TN:
SF:src/components/Instructions.jsx
FN:11,(anonymous_0)
FN:15,(anonymous_1)
FNF:2
FNH:1
FNDA:60,(anonymous_0)
FNDA:0,(anonymous_1)
DA:11,3
DA:14,60
DA:15,60
DA:22,0
DA:36,3
DA:42,3
LF:6
LH:5
BRF:0
BRH:0
end_of_record
TN:
SF:src/components/Label.jsx
FN:10,(anonymous_0)
FN:13,(anonymous_1)
FNF:2
FNH:2
FNDA:29,(anonymous_0)
FNDA:51,(anonymous_1)
DA:10,3
DA:11,29
DA:13,51
DA:16,29
DA:25,3
DA:31,3
LF:6
LH:6
BRF:0
BRH:0
end_of_record
TN:
SF:src/components/Layout.jsx
FN:16,(anonymous_0)
FN:28,(anonymous_1)
FN:34,(anonymous_2)
FN:45,(anonymous_3)
FN:63,(anonymous_4)
FN:68,(anonymous_5)
FNF:6
FNH:6
FNDA:13,(anonymous_0)
FNDA:5,(anonymous_1)
FNDA:3,(anonymous_2)
FNDA:2,(anonymous_3)
FNDA:1,(anonymous_4)
FNDA:1,(anonymous_5)
DA:16,1
DA:17,13
DA:19,13
DA:20,13
DA:21,13
DA:22,13
DA:28,13
DA:29,5
DA:30,3
DA:31,3
DA:34,5
DA:35,5
DA:36,5
DA:38,5
DA:39,5
DA:45,13
DA:46,2
DA:47,1
DA:48,1
DA:49,1
DA:52,1
DA:53,1
DA:56,13
DA:63,1
DA:68,1
DA:93,1
DA:99,1
LF:27
LH:27
BRDA:29,0,0,3
BRDA:29,0,1,2
BRDA:46,1,0,1
BRDA:46,1,1,1
BRDA:61,2,0,1
BRDA:61,2,1,12
BRDA:66,3,0,1
BRDA:66,3,1,12
BRDA:73,4,0,11
BRDA:73,4,1,2
BRF:10
BRH:10
end_of_record
TN:
SF:src/components/Load.jsx
FN:10,(anonymous_0)
FNF:1
FNH:1
FNDA:75,(anonymous_0)
DA:10,5
DA:11,75
DA:14,5
DA:19,5
LF:4
LH:4
BRF:0
BRH:0
end_of_record
TN:
SF:src/components/RecipeList.jsx
FN:12,(anonymous_0)
FN:15,(anonymous_1)
FNF:2
FNH:2
FNDA:1,(anonymous_0)
FNDA:5,(anonymous_1)
DA:12,1
DA:13,1
DA:15,5
DA:23,1
DA:32,1
DA:38,1
LF:6
LH:6
BRF:0
BRH:0
end_of_record
TN:
SF:src/components/RecipeListItem.jsx
FN:12,(anonymous_0)
FNF:1
FNH:1
FNDA:1,(anonymous_0)
DA:12,1
DA:15,1
DA:25,1
DA:32,1
LF:4
LH:4
BRF:0
BRH:0
end_of_record
TN:
SF:src/components/SearchField.jsx
FN:16,(anonymous_0)
FNF:1
FNH:1
FNDA:2,(anonymous_0)
DA:16,1
DA:19,2
DA:35,1
DA:46,1
LF:4
LH:4
BRF:0
BRH:0
end_of_record
TN:
SF:src/components/SettingsInput.jsx
FN:16,(anonymous_0)
FN:28,(anonymous_1)
FNF:2
FNH:2
FNDA:264,(anonymous_0)
FNDA:32,(anonymous_1)
DA:16,2
DA:19,264
DA:28,32
DA:36,2
DA:47,2
LF:5
LH:5
BRDA:29,0,0,93
BRDA:29,0,1,171
BRF:2
BRH:2
end_of_record
TN:
SF:src/components/Spinner.jsx
FN:10,(anonymous_0)
FNF:1
FNH:1
FNDA:8,(anonymous_0)
DA:10,5
DA:11,8
DA:16,5
DA:21,5
LF:4
LH:4
BRF:0
BRH:0
end_of_record
TN:
SF:src/helpers/GuardedRoute.jsx
FN:12,(anonymous_0)
FNF:1
FNH:1
FNDA:2,(anonymous_0)
DA:12,1
DA:18,2
DA:23,1
DA:30,1
LF:4
LH:4
BRDA:18,0,0,1
BRDA:18,0,1,1
BRF:2
BRH:2
end_of_record
TN:
SF:src/helpers/dateHelpers.jsx
FN:2,(anonymous_0)
FNF:1
FNH:1
FNDA:1,(anonymous_0)
DA:2,1
LF:1
LH:1
BRF:0
BRH:0
end_of_record
TN:
SF:src/pages/home/Home.jsx
FN:10,(anonymous_0)
FNF:1
FNH:1
FNDA:1,(anonymous_0)
DA:10,1
DA:11,1
DA:34,1
DA:39,1
LF:4
LH:4
BRF:0
BRH:0
end_of_record
TN:
SF:src/pages/login/CreateNewForm.jsx
FN:15,(anonymous_0)
FN:36,(anonymous_1)
FN:52,(anonymous_2)
FN:53,(anonymous_3)
FN:55,(anonymous_4)
FN:59,(anonymous_5)
FN:73,(anonymous_6)
FNF:7
FNH:7
FNDA:172,(anonymous_0)
FNDA:89,(anonymous_1)
FNDA:9,(anonymous_2)
FNDA:10,(anonymous_3)
FNDA:14,(anonymous_4)
FNDA:25,(anonymous_5)
FNDA:25,(anonymous_6)
DA:15,1
DA:18,172
DA:19,172
DA:20,172
DA:21,172
DA:22,172
DA:24,172
DA:25,172
DA:26,172
DA:27,172
DA:29,172
DA:30,172
DA:36,172
DA:37,89
DA:38,89
DA:39,89
DA:41,89
DA:44,88
DA:45,1
DA:48,172
DA:52,9
DA:53,10
DA:55,14
DA:59,25
DA:73,25
DA:91,1
DA:100,1
LF:27
LH:27
BRDA:37,0,0,89
BRDA:37,0,1,36
BRDA:38,1,0,89
BRDA:38,1,1,57
BRDA:41,2,0,88
BRDA:41,2,1,1
BRDA:41,3,0,89
BRDA:41,3,1,53
BRDA:41,3,2,32
BRDA:41,3,3,1
BRDA:56,4,0,7
BRDA:56,4,1,165
BRDA:60,5,0,72
BRDA:60,5,1,100
BRDA:74,6,0,132
BRDA:74,6,1,40
BRDA:80,7,0,1
BRDA:80,7,1,171
BRF:18
BRH:18
end_of_record
TN:
SF:src/pages/login/Login.jsx
FN:14,(anonymous_0)
FN:22,(anonymous_1)
FN:31,(anonymous_2)
FN:53,(anonymous_3)
FN:61,(anonymous_4)
FNF:5
FNH:5
FNDA:9,(anonymous_0)
FNDA:1,(anonymous_1)
FNDA:1,(anonymous_2)
FNDA:2,(anonymous_3)
FNDA:1,(anonymous_4)
DA:14,1
DA:15,9
DA:16,9
DA:17,9
DA:22,9
DA:23,1
DA:24,1
DA:25,1
DA:26,1
DA:31,9
DA:32,1
DA:33,1
DA:34,1
DA:35,1
DA:46,9
DA:53,2
DA:61,1
DA:74,1
DA:80,1
LF:19
LH:19
BRDA:50,0,0,6
BRDA:50,0,1,3
BRF:2
BRH:2
end_of_record
TN:
SF:src/pages/login/LoginForm.jsx
FN:15,(anonymous_0)
FNF:1
FNH:1
FNDA:5,(anonymous_0)
DA:15,1
DA:18,5
DA:37,1
DA:46,1
LF:4
LH:4
BRDA:27,0,0,1
BRDA:27,0,1,4
BRF:2
BRH:2
end_of_record
TN:
SF:src/pages/login/loginHooks.jsx
FN:13,(anonymous_0)
FN:19,(anonymous_1)
FN:26,(anonymous_2)
FN:46,(anonymous_3)
FN:55,(anonymous_4)
FN:61,(anonymous_5)
FNF:6
FNH:6
FNDA:3,(anonymous_0)
FNDA:1,(anonymous_1)
FNDA:2,(anonymous_2)
FNDA:2,(anonymous_3)
FNDA:1,(anonymous_4)
FNDA:1,(anonymous_5)
DA:13,1
DA:14,3
DA:18,3
DA:20,1
DA:21,1
DA:22,1
DA:23,1
DA:24,1
DA:27,2
DA:28,1
DA:30,1
DA:32,2
DA:46,1
DA:47,2
DA:54,2
DA:56,1
DA:57,1
DA:58,1
DA:59,1
DA:62,1
DA:63,1
LF:21
LH:21
BRDA:27,0,0,1
BRDA:27,0,1,1
BRF:2
BRH:2
end_of_record
TN:
SF:src/pages/personal/List.jsx
FN:20,(anonymous_0)
FN:25,(anonymous_1)
FN:26,(anonymous_2)
FNF:3
FNH:3
FNDA:7,(anonymous_0)
FNDA:1,(anonymous_1)
FNDA:1,(anonymous_2)
DA:20,1
DA:23,7
DA:25,1
DA:26,1
DA:44,1
DA:57,1
LF:6
LH:6
BRDA:29,0,0,1
BRDA:29,0,1,6
BRF:2
BRH:2
end_of_record
TN:
SF:src/pages/personal/Personal.jsx
FN:18,(anonymous_0)
FN:38,(anonymous_1)
FN:40,(anonymous_2)
FN:50,(anonymous_3)
FN:58,(anonymous_4)
FN:66,(anonymous_5)
FN:75,(anonymous_6)
FN:84,(anonymous_7)
FNF:8
FNH:8
FNDA:15,(anonymous_0)
FNDA:5,(anonymous_1)
FNDA:4,(anonymous_2)
FNDA:1,(anonymous_3)
FNDA:7,(anonymous_4)
FNDA:1,(anonymous_5)
FNDA:1,(anonymous_6)
FNDA:1,(anonymous_7)
DA:18,1
DA:19,15
DA:20,15
DA:22,15
DA:23,15
DA:24,15
DA:25,15
DA:26,15
DA:27,15
DA:28,15
DA:29,15
DA:30,15
DA:31,15
DA:32,15
DA:33,15
DA:38,15
DA:39,5
DA:41,4
DA:42,4
DA:43,4
DA:44,4
DA:45,4
DA:46,4
DA:47,4
DA:48,4
DA:51,1
DA:58,15
DA:59,7
DA:60,1
DA:66,15
DA:67,1
DA:68,1
DA:69,1
DA:75,15
DA:76,1
DA:77,1
DA:78,1
DA:84,15
DA:85,1
DA:86,1
DA:87,1
DA:88,1
DA:91,15
DA:92,1
DA:98,14
DA:152,1
DA:157,1
LF:47
LH:47
BRDA:59,0,0,6
BRDA:59,0,1,1
BRDA:91,1,0,1
BRDA:91,1,1,14
BRDA:100,2,0,5
BRDA:100,2,1,9
BRDA:123,3,0,5
BRDA:123,3,1,9
BRDA:137,4,0,5
BRDA:137,4,1,9
BRF:10
BRH:10
end_of_record
TN:
SF:src/pages/personal/Statistics.jsx
FN:20,(anonymous_0)
FN:30,(anonymous_1)
FN:31,(anonymous_2)
FNF:3
FNH:2
FNDA:1,(anonymous_0)
FNDA:0,(anonymous_1)
FNDA:4,(anonymous_2)
DA:20,1
DA:23,1
DA:24,1
DA:30,0
DA:32,4
DA:59,1
DA:68,1
LF:7
LH:6
BRF:0
BRH:0
end_of_record
TN:
SF:src/pages/personal/personalHooks.jsx
FN:14,(anonymous_0)
FN:17,(anonymous_1)
FN:22,(anonymous_2)
FN:27,(anonymous_3)
FN:32,(anonymous_4)
FNF:5
FNH:5
FNDA:4,(anonymous_0)
FNDA:1,(anonymous_1)
FNDA:1,(anonymous_2)
FNDA:1,(anonymous_3)
FNDA:1,(anonymous_4)
DA:14,1
DA:15,4
DA:16,2
DA:18,1
DA:19,1
DA:20,1
DA:23,1
DA:26,2
DA:28,1
DA:29,1
DA:30,1
DA:33,1
LF:12
LH:12
BRDA:15,0,0,2
BRDA:15,0,1,2
BRF:2
BRH:2
end_of_record
TN:
SF:src/pages/recipe/Recipe.jsx
FN:18,(anonymous_0)
FN:19,getCurrentURL
FN:46,(anonymous_2)
FN:48,(anonymous_3)
FN:61,(anonymous_4)
FN:71,(anonymous_5)
FN:74,(anonymous_6)
FNF:7
FNH:5
FNDA:20,(anonymous_0)
FNDA:20,getCurrentURL
FNDA:7,(anonymous_2)
FNDA:6,(anonymous_3)
FNDA:1,(anonymous_4)
FNDA:0,(anonymous_5)
FNDA:0,(anonymous_6)
DA:18,1
DA:20,20
DA:22,20
DA:23,20
DA:25,20
DA:26,20
DA:27,20
DA:29,20
DA:30,20
DA:31,20
DA:32,20
DA:33,20
DA:34,20
DA:35,20
DA:36,20
DA:37,20
DA:38,20
DA:39,20
DA:40,20
DA:41,20
DA:46,20
DA:47,7
DA:49,6
DA:50,6
DA:51,6
DA:52,6
DA:53,6
DA:54,6
DA:55,6
DA:56,6
DA:57,6
DA:58,6
DA:59,6
DA:62,1
DA:71,20
DA:72,0
DA:73,0
DA:74,0
DA:75,0
DA:77,0
DA:80,0
DA:81,0
DA:82,0
DA:83,0
DA:84,0
DA:87,20
DA:88,1
DA:96,19
DA:159,1
DA:164,1
LF:50
LH:40
BRDA:72,0,0,0
BRDA:72,0,1,0
BRDA:82,1,0,0
BRDA:82,1,1,0
BRDA:83,2,0,0
BRDA:83,2,1,0
BRDA:84,3,0,0
BRDA:84,3,1,0
BRDA:87,4,0,1
BRDA:87,4,1,19
BRDA:98,5,0,7
BRDA:98,5,1,12
BRDA:109,6,0,7
BRDA:109,6,1,12
BRF:14
BRH:6
end_of_record
TN:
SF:src/pages/search/Filters.jsx
FN:15,(anonymous_0)
FN:21,(anonymous_1)
FN:27,(anonymous_2)
FN:39,(anonymous_3)
FN:52,(anonymous_4)
FN:70,(anonymous_5)
FNF:6
FNH:5
FNDA:9,(anonymous_0)
FNDA:7,(anonymous_1)
FNDA:1,(anonymous_2)
FNDA:1,(anonymous_3)
FNDA:1,(anonymous_4)
FNDA:0,(anonymous_5)
DA:15,1
DA:18,9
DA:19,9
DA:21,9
DA:27,1
DA:33,9
DA:39,1
DA:52,1
DA:70,0
DA:91,1
DA:102,1
LF:11
LH:10
BRDA:35,0,0,2
BRDA:35,0,1,7
BRDA:46,1,0,3
BRDA:46,1,1,6
BRDA:46,2,0,9
BRDA:46,2,1,7
BRDA:48,3,0,2
BRDA:48,3,1,7
BRDA:72,4,0,7
BRDA:72,4,1,2
BRDA:80,5,0,7
BRDA:80,5,1,2
BRF:12
BRH:12
end_of_record
TN:
SF:src/pages/search/Results.jsx
FN:16,(anonymous_0)
FNF:1
FNH:1
FNDA:5,(anonymous_0)
DA:16,1
DA:22,5
DA:23,1
DA:25,5
DA:26,4
DA:28,5
DA:40,1
DA:49,1
LF:8
LH:8
BRDA:22,0,0,4
BRDA:22,0,1,1
BRDA:25,1,0,1
BRDA:25,1,1,4
BRDA:26,2,0,1
BRDA:26,2,1,3
BRF:6
BRH:6
end_of_record
TN:
SF:src/pages/search/Search.jsx
FN:18,(anonymous_0)
FN:32,(anonymous_1)
FN:37,(anonymous_2)
FN:39,(anonymous_3)
FN:44,(anonymous_4)
FN:53,(anonymous_5)
FN:61,(anonymous_6)
FN:87,(anonymous_7)
FN:113,(anonymous_8)
FN:127,(anonymous_9)
FN:135,(anonymous_10)
FN:146,(anonymous_11)
FN:147,(anonymous_12)
FN:154,(anonymous_13)
FN:155,(anonymous_14)
FN:174,(anonymous_15)
FN:181,(anonymous_16)
FN:182,(anonymous_17)
FN:183,(anonymous_18)
FN:185,(anonymous_19)
FN:214,(anonymous_20)
FNF:21
FNH:5
FNDA:73,(anonymous_0)
FNDA:7,(anonymous_1)
FNDA:16,(anonymous_2)
FNDA:14,(anonymous_3)
FNDA:2,(anonymous_4)
FNDA:0,(anonymous_5)
FNDA:0,(anonymous_6)
FNDA:0,(anonymous_7)
FNDA:0,(anonymous_8)
FNDA:0,(anonymous_9)
FNDA:0,(anonymous_10)
FNDA:0,(anonymous_11)
FNDA:0,(anonymous_12)
FNDA:0,(anonymous_13)
FNDA:0,(anonymous_14)
FNDA:0,(anonymous_15)
FNDA:0,(anonymous_16)
FNDA:0,(anonymous_17)
FNDA:0,(anonymous_18)
FNDA:0,(anonymous_19)
FNDA:0,(anonymous_20)
DA:18,1
DA:19,73
DA:20,73
DA:22,73
DA:23,73
DA:24,73
DA:25,73
DA:26,73
DA:27,73
DA:28,73
DA:29,73
DA:30,73
DA:32,73
DA:37,73
DA:38,16
DA:40,14
DA:41,14
DA:42,14
DA:45,2
DA:53,73
DA:54,0
DA:61,73
DA:62,0
DA:63,0
DA:65,0
DA:67,0
DA:68,0
DA:70,0
DA:80,0
DA:81,0
DA:87,73
DA:88,0
DA:89,0
DA:90,0
DA:92,0
DA:93,0
DA:103,0
DA:104,0
DA:113,73
DA:114,0
DA:115,0
DA:127,73
DA:128,0
DA:129,0
DA:135,73
DA:136,0
DA:146,73
DA:147,0
DA:154,73
DA:155,0
DA:158,73
DA:159,1
DA:165,72
DA:174,0
DA:181,0
DA:182,0
DA:183,0
DA:185,0
DA:214,0
DA:225,1
DA:230,1
LF:61
LH:32
BRDA:89,0,0,0
BRDA:89,0,1,0
BRDA:92,1,0,0
BRDA:92,1,1,0
BRDA:155,2,0,0
BRDA:155,2,1,0
BRDA:158,3,0,1
BRDA:158,3,1,72
BRDA:175,4,0,6
BRDA:175,4,1,66
BRDA:192,5,0,16
BRDA:192,5,1,56
BRDA:198,6,0,0
BRDA:198,6,1,0
BRDA:217,7,0,1
BRDA:217,7,1,15
BRF:16
BRH:8
end_of_record
TN:
SF:src/pages/settings/Settings.jsx
FN:15,(anonymous_0)
FN:34,(anonymous_1)
FN:39,(anonymous_2)
FN:49,(anonymous_3)
FN:57,(anonymous_4)
FN:60,(anonymous_5)
FN:67,(anonymous_6)
FN:69,(anonymous_7)
FN:78,(anonymous_8)
FN:94,(anonymous_9)
FN:99,(anonymous_10)
FN:101,(anonymous_11)
FN:110,(anonymous_12)
FN:136,(anonymous_13)
FN:137,(anonymous_14)
FN:157,(anonymous_15)
FN:158,(anonymous_16)
FN:162,(anonymous_17)
FN:163,(anonymous_18)
FNF:19
FNH:19
FNDA:67,(anonymous_0)
FNDA:10,(anonymous_1)
FNDA:9,(anonymous_2)
FNDA:1,(anonymous_3)
FNDA:2,(anonymous_4)
FNDA:1,(anonymous_5)
FNDA:1,(anonymous_6)
FNDA:1,(anonymous_7)
FNDA:2,(anonymous_8)
FNDA:1,(anonymous_9)
FNDA:1,(anonymous_10)
FNDA:1,(anonymous_11)
FNDA:1,(anonymous_12)
FNDA:1,(anonymous_13)
FNDA:2,(anonymous_14)
FNDA:2,(anonymous_15)
FNDA:1,(anonymous_16)
FNDA:4,(anonymous_17)
FNDA:3,(anonymous_18)
DA:15,1
DA:16,67
DA:17,67
DA:19,67
DA:20,67
DA:21,67
DA:22,67
DA:23,67
DA:24,67
DA:25,67
DA:26,67
DA:27,67
DA:28,67
DA:29,67
DA:34,67
DA:35,10
DA:40,9
DA:41,9
DA:42,9
DA:43,9
DA:45,9
DA:46,9
DA:47,9
DA:50,1
DA:57,67
DA:58,2
DA:59,2
DA:61,1
DA:62,1
DA:63,1
DA:64,1
DA:65,1
DA:68,1
DA:69,1
DA:70,1
DA:78,67
DA:79,2
DA:80,2
DA:89,2
DA:95,1
DA:96,1
DA:97,1
DA:100,1
DA:101,1
DA:102,1
DA:110,67
DA:111,1
DA:112,1
DA:113,1
DA:114,1
DA:115,1
DA:118,67
DA:119,1
DA:125,66
DA:136,1
DA:137,2
DA:157,2
DA:158,1
DA:162,4
DA:163,3
DA:187,1
DA:192,1
LF:62
LH:62
BRDA:118,0,0,1
BRDA:118,0,1,66
BRDA:128,1,0,8
BRDA:128,1,1,58
BRDA:141,2,0,10
BRDA:141,2,1,56
BRDA:152,3,0,36
BRDA:152,3,1,20
BRDA:154,4,0,36
BRDA:154,4,1,20
BRDA:166,5,0,6
BRDA:166,5,1,50
BRDA:166,6,0,56
BRDA:166,6,1,54
BRDA:169,7,0,4
BRDA:169,7,1,2
BRF:16
BRH:16
end_of_record
TN:
SF:src/pages/today/Title.jsx
FN:14,(anonymous_0)
FNF:1
FNH:1
FNDA:17,(anonymous_0)
DA:14,2
DA:17,17
DA:41,2
DA:50,2
LF:4
LH:4
BRF:0
BRH:0
end_of_record
TN:
SF:src/pages/today/Today.jsx
FN:19,(anonymous_0)
FN:46,(anonymous_1)
FN:48,(anonymous_2)
FN:62,(anonymous_3)
FN:70,(anonymous_4)
FN:72,(anonymous_5)
FN:76,(anonymous_6)
FN:78,(anonymous_7)
FN:87,(anonymous_8)
FN:89,(anonymous_9)
FN:93,(anonymous_10)
FN:95,(anonymous_11)
FN:104,(anonymous_12)
FN:106,(anonymous_13)
FN:110,(anonymous_14)
FN:112,(anonymous_15)
FN:171,(anonymous_16)
FN:174,(anonymous_17)
FN:175,(anonymous_18)
FNF:19
FNH:4
FNDA:28,(anonymous_0)
FNDA:10,(anonymous_1)
FNDA:9,(anonymous_2)
FNDA:1,(anonymous_3)
FNDA:0,(anonymous_4)
FNDA:0,(anonymous_5)
FNDA:0,(anonymous_6)
FNDA:0,(anonymous_7)
FNDA:0,(anonymous_8)
FNDA:0,(anonymous_9)
FNDA:0,(anonymous_10)
FNDA:0,(anonymous_11)
FNDA:0,(anonymous_12)
FNDA:0,(anonymous_13)
FNDA:0,(anonymous_14)
FNDA:0,(anonymous_15)
FNDA:0,(anonymous_16)
FNDA:0,(anonymous_17)
FNDA:0,(anonymous_18)
DA:19,1
DA:20,28
DA:21,28
DA:22,28
DA:23,28
DA:24,28
DA:25,28
DA:26,28
DA:29,28
DA:30,28
DA:31,28
DA:32,28
DA:33,28
DA:34,28
DA:35,28
DA:36,28
DA:37,28
DA:38,28
DA:39,28
DA:40,28
DA:41,28
DA:46,28
DA:47,10
DA:49,9
DA:50,9
DA:51,9
DA:52,9
DA:53,9
DA:54,9
DA:55,9
DA:56,9
DA:57,9
DA:58,9
DA:59,9
DA:60,9
DA:63,1
DA:70,28
DA:71,0
DA:73,0
DA:74,0
DA:77,0
DA:78,0
DA:79,0
DA:87,28
DA:88,0
DA:90,0
DA:91,0
DA:94,0
DA:95,0
DA:96,0
DA:104,28
DA:105,0
DA:107,0
DA:108,0
DA:111,0
DA:112,0
DA:113,0
DA:118,28
DA:119,1
DA:126,27
DA:171,0
DA:174,0
DA:175,0
DA:202,1
DA:207,1
LF:65
LH:44
BRDA:118,0,0,1
BRDA:118,0,1,27
BRDA:128,1,0,10
BRDA:128,1,1,17
BRDA:136,2,0,1
BRDA:136,2,1,16
BRDA:141,3,0,10
BRDA:141,3,1,17
BRDA:153,4,0,1
BRDA:153,4,1,16
BRDA:170,5,0,16
BRDA:170,5,1,0
BRDA:173,6,0,16
BRDA:173,6,1,0
BRDA:177,7,0,0
BRDA:177,7,1,16
BRF:16
BRH:13
end_of_record
TN:
SF:src/services/loginService.jsx
FN:11,(anonymous_0)
FN:21,(anonymous_1)
FNF:2
FNH:2
FNDA:1,(anonymous_0)
FNDA:1,(anonymous_1)
DA:4,1
DA:11,1
DA:12,1
DA:13,1
DA:21,1
DA:22,1
DA:23,1
LF:7
LH:7
BRF:0
BRH:0
end_of_record
TN:
SF:src/services/personService.jsx
FN:12,(anonymous_0)
FN:28,(anonymous_1)
FN:43,(anonymous_2)
FNF:3
FNH:3
FNDA:1,(anonymous_0)
FNDA:1,(anonymous_1)
FNDA:1,(anonymous_2)
DA:4,1
DA:12,1
DA:13,1
DA:17,1
DA:18,1
DA:28,1
DA:29,1
DA:33,1
DA:34,1
DA:43,1
DA:44,1
DA:48,1
DA:49,1
LF:13
LH:13
BRF:0
BRH:0
end_of_record
TN:
SF:src/services/personalService.jsx
FN:11,(anonymous_0)
FNF:1
FNH:1
FNDA:1,(anonymous_0)
DA:3,1
DA:11,1
DA:12,1
DA:15,1
DA:16,1
LF:5
LH:5
BRF:0
BRH:0
end_of_record
TN:
SF:src/services/searchService.jsx
FN:8,(anonymous_0)
FN:15,(anonymous_1)
FNF:2
FNH:0
FNDA:0,(anonymous_0)
FNDA:0,(anonymous_1)
DA:8,1
DA:9,0
DA:10,0
DA:15,1
DA:16,0
DA:17,0
LF:6
LH:2
BRF:0
BRH:0
end_of_record
TN:
SF:src/tests/testHelpers.jsx
FN:12,(anonymous_0)
FN:13,(anonymous_1)
FN:16,(anonymous_2)
FN:26,(anonymous_3)
FNF:4
FNH:3
FNDA:393,(anonymous_0)
FNDA:764,(anonymous_1)
FNDA:371,(anonymous_2)
FNDA:0,(anonymous_3)
DA:12,6
DA:13,764
DA:14,393
DA:15,393
DA:16,371
DA:19,393
DA:26,6
DA:27,0
DA:31,0
DA:32,0
DA:33,0
DA:34,0
LF:12
LH:7
BRDA:19,0,0,393
BRDA:19,0,1,10
BRF:2
BRH:2
end_of_record
